
[Fri Dec 29 5:51:46] SQL - File:/var/www/framework/App/Lib/Database/Mysql/DB.php - Line:79
SELECT * FROM time_zone


[Fri Dec 29 5:51:46] VALUES - File:/var/www/framework/App/Lib/Database/Mysql/DB.php - Line:80
Array




[Fri Dec 29 5:51:46] SQL - File:/var/www/framework/App/Lib/Database/Mysql/DB.php - Line:79
SELECT * FROM time_zone


[Fri Dec 29 5:51:46] VALUES - File:/var/www/framework/App/Lib/Database/Mysql/DB.php - Line:80
Array




[Fri Dec 29 5:52:04] SQL - File:/var/www/framework/App/Lib/Database/Mysql/DB.php - Line:79
SELECT * FROM time_zone


[Fri Dec 29 5:52:04] VALUES - File:/var/www/framework/App/Lib/Database/Mysql/DB.php - Line:80
Array




[Fri Dec 29 5:52:04] SQL - File:/var/www/framework/App/Lib/Database/Mysql/DB.php - Line:79
SELECT * FROM time_zone


[Fri Dec 29 5:52:04] VALUES - File:/var/www/framework/App/Lib/Database/Mysql/DB.php - Line:80
Array




[Fri Dec 29 5:59:29] SQL - File:/var/www/framework/App/Lib/Database/Mysql/DB.php - Line:79
SELECT * FROM time_zone


[Fri Dec 29 5:59:29] VALUES - File:/var/www/framework/App/Lib/Database/Mysql/DB.php - Line:80
Array




[Fri Dec 29 5:59:29] SQL - File:/var/www/framework/App/Lib/Database/Mysql/DB.php - Line:79
SELECT * FROM time_zone


[Fri Dec 29 5:59:29] VALUES - File:/var/www/framework/App/Lib/Database/Mysql/DB.php - Line:80
Array




[Fri Dec 29 5:59:56] SQL - File:/var/www/framework/App/Lib/Database/Mysql/DB.php - Line:79
SELECT * FROM time_zone


[Fri Dec 29 5:59:56] VALUES - File:/var/www/framework/App/Lib/Database/Mysql/DB.php - Line:80
Array




[Fri Dec 29 5:59:56] SQL - File:/var/www/framework/App/Lib/Database/Mysql/DB.php - Line:79
SELECT * FROM time_zone


[Fri Dec 29 5:59:56] VALUES - File:/var/www/framework/App/Lib/Database/Mysql/DB.php - Line:80
Array




[Fri Dec 29 6:00:38] SQL - File:/var/www/framework/App/Lib/Database/Mysql/DB.php - Line:79
SELECT * FROM time_zone


[Fri Dec 29 6:00:38] VALUES - File:/var/www/framework/App/Lib/Database/Mysql/DB.php - Line:80
Array




[Fri Dec 29 6:00:38] SQL - File:/var/www/framework/App/Lib/Database/Mysql/DB.php - Line:79
SELECT * FROM time_zone


[Fri Dec 29 6:00:38] VALUES - File:/var/www/framework/App/Lib/Database/Mysql/DB.php - Line:80
Array




[Fri Dec 29 6:02:03] SQL - File:/var/www/framework/App/Lib/Database/Mysql/DB.php - Line:79
SELECT * FROM time_zone


[Fri Dec 29 6:02:03] VALUES - File:/var/www/framework/App/Lib/Database/Mysql/DB.php - Line:80
Array




[Fri Dec 29 6:02:03] SQL - File:/var/www/framework/App/Lib/Database/Mysql/DB.php - Line:79
SELECT * FROM time_zone


[Fri Dec 29 6:02:03] VALUES - File:/var/www/framework/App/Lib/Database/Mysql/DB.php - Line:80
Array




[Fri Dec 29 6:02:53] SQL - File:/var/www/framework/App/Lib/Database/Mysql/DB.php - Line:79
SELECT * FROM time_zone


[Fri Dec 29 6:02:53] VALUES - File:/var/www/framework/App/Lib/Database/Mysql/DB.php - Line:80
Array




[Fri Dec 29 6:02:53] SQL - File:/var/www/framework/App/Lib/Database/Mysql/DB.php - Line:79
SELECT * FROM time_zone


[Fri Dec 29 6:02:53] VALUES - File:/var/www/framework/App/Lib/Database/Mysql/DB.php - Line:80
Array




[Fri Dec 29 6:03:08] SQL - File:/var/www/framework/App/Lib/Database/Mysql/DB.php - Line:79
SELECT * FROM time_zone


[Fri Dec 29 6:03:08] VALUES - File:/var/www/framework/App/Lib/Database/Mysql/DB.php - Line:80
Array




[Fri Dec 29 6:03:08] SQL - File:/var/www/framework/App/Lib/Database/Mysql/DB.php - Line:79
SELECT * FROM time_zone


[Fri Dec 29 6:03:08] VALUES - File:/var/www/framework/App/Lib/Database/Mysql/DB.php - Line:80
Array




[Fri Dec 29 6:03:21] SQL - File:/var/www/framework/App/Lib/Database/Mysql/DB.php - Line:79
SELECT * FROM time_zone


[Fri Dec 29 6:03:21] VALUES - File:/var/www/framework/App/Lib/Database/Mysql/DB.php - Line:80
Array




[Fri Dec 29 6:03:21] SQL - File:/var/www/framework/App/Lib/Database/Mysql/DB.php - Line:79
SELECT * FROM time_zone


[Fri Dec 29 6:03:21] VALUES - File:/var/www/framework/App/Lib/Database/Mysql/DB.php - Line:80
Array




[Fri Dec 29 6:03:21] SQL - File:/var/www/framework/App/Lib/Database/Mysql/DB.php - Line:79
SELECT * FROM time_zone


[Fri Dec 29 6:03:21] VALUES - File:/var/www/framework/App/Lib/Database/Mysql/DB.php - Line:80
Array




[Fri Dec 29 6:03:21] SQL - File:/var/www/framework/App/Lib/Database/Mysql/DB.php - Line:79
SELECT * FROM time_zone


[Fri Dec 29 6:03:21] VALUES - File:/var/www/framework/App/Lib/Database/Mysql/DB.php - Line:80
Array




[Fri Dec 29 6:03:35] SQL - File:/var/www/framework/App/Lib/Database/Mysql/DB.php - Line:79
SELECT * FROM time_zone


[Fri Dec 29 6:03:35] VALUES - File:/var/www/framework/App/Lib/Database/Mysql/DB.php - Line:80
Array




[Fri Dec 29 6:03:35] SQL - File:/var/www/framework/App/Lib/Database/Mysql/DB.php - Line:79
SELECT * FROM time_zone


[Fri Dec 29 6:03:35] VALUES - File:/var/www/framework/App/Lib/Database/Mysql/DB.php - Line:80
Array




[Fri Dec 29 6:03:35] SQL - File:/var/www/framework/App/Lib/Database/Mysql/DB.php - Line:79
SELECT * FROM time_zone


[Fri Dec 29 6:03:35] VALUES - File:/var/www/framework/App/Lib/Database/Mysql/DB.php - Line:80
Array




[Fri Dec 29 6:03:35] SQL - File:/var/www/framework/App/Lib/Database/Mysql/DB.php - Line:79
SELECT * FROM time_zone


[Fri Dec 29 6:03:35] VALUES - File:/var/www/framework/App/Lib/Database/Mysql/DB.php - Line:80
Array




[Fri Dec 29 6:04:37] SQL - File:/var/www/framework/App/Lib/Database/Mysql/DB.php - Line:79
SELECT * FROM time_zone


[Fri Dec 29 6:04:37] VALUES - File:/var/www/framework/App/Lib/Database/Mysql/DB.php - Line:80
Array




[Fri Dec 29 6:04:37] SQL - File:/var/www/framework/App/Lib/Database/Mysql/DB.php - Line:79
SELECT * FROM time_zone


[Fri Dec 29 6:04:37] VALUES - File:/var/www/framework/App/Lib/Database/Mysql/DB.php - Line:80
Array




[Fri Dec 29 6:04:37] SQL - File:/var/www/framework/App/Lib/Database/Mysql/DB.php - Line:79
SELECT * FROM time_zone


[Fri Dec 29 6:04:37] VALUES - File:/var/www/framework/App/Lib/Database/Mysql/DB.php - Line:80
Array




[Fri Dec 29 6:04:37] SQL - File:/var/www/framework/App/Lib/Database/Mysql/DB.php - Line:79
SELECT * FROM time_zone


[Fri Dec 29 6:04:37] VALUES - File:/var/www/framework/App/Lib/Database/Mysql/DB.php - Line:80
Array




[Fri Dec 29 6:08:54] SQL - File:/var/www/framework/App/Lib/Database/Mysql/DB.php - Line:79
SELECT * FROM time_zone


[Fri Dec 29 6:08:54] VALUES - File:/var/www/framework/App/Lib/Database/Mysql/DB.php - Line:80
Array




[Fri Dec 29 6:08:54] SQL - File:/var/www/framework/App/Lib/Database/Mysql/DB.php - Line:79
SELECT * FROM time_zone


[Fri Dec 29 6:08:54] VALUES - File:/var/www/framework/App/Lib/Database/Mysql/DB.php - Line:80
Array




[Fri Dec 29 6:08:54] SQL - File:/var/www/framework/App/Lib/Database/Mysql/DB.php - Line:79
SELECT * FROM time_zone


[Fri Dec 29 6:08:54] VALUES - File:/var/www/framework/App/Lib/Database/Mysql/DB.php - Line:80
Array




[Fri Dec 29 6:08:54] SQL - File:/var/www/framework/App/Lib/Database/Mysql/DB.php - Line:79
SELECT * FROM time_zone


[Fri Dec 29 6:08:54] VALUES - File:/var/www/framework/App/Lib/Database/Mysql/DB.php - Line:80
Array




[Fri Dec 29 6:09:01] SQL - File:/var/www/framework/App/Lib/Database/Mysql/DB.php - Line:79
SELECT * FROM time_zone


[Fri Dec 29 6:09:01] VALUES - File:/var/www/framework/App/Lib/Database/Mysql/DB.php - Line:80
Array




[Fri Dec 29 6:09:01] SQL - File:/var/www/framework/App/Lib/Database/Mysql/DB.php - Line:79
SELECT * FROM time_zone


[Fri Dec 29 6:09:01] VALUES - File:/var/www/framework/App/Lib/Database/Mysql/DB.php - Line:80
Array




[Fri Dec 29 6:09:01] SQL - File:/var/www/framework/App/Lib/Database/Mysql/DB.php - Line:79
SELECT *
                FROM gender LIMIT 0, 20 


[Fri Dec 29 6:09:01] VALUES - File:/var/www/framework/App/Lib/Database/Mysql/DB.php - Line:80
Array




[Fri Dec 29 6:09:01] SQL - File:/var/www/framework/App/Lib/Database/Mysql/DB.php - Line:79
SELECT * FROM time_zone


[Fri Dec 29 6:09:01] VALUES - File:/var/www/framework/App/Lib/Database/Mysql/DB.php - Line:80
Array




[Fri Dec 29 6:09:01] SQL - File:/var/www/framework/App/Lib/Database/Mysql/DB.php - Line:79
SELECT * FROM time_zone


[Fri Dec 29 6:09:01] VALUES - File:/var/www/framework/App/Lib/Database/Mysql/DB.php - Line:80
Array




[Fri Dec 29 6:09:47] SQL - File:/var/www/framework/App/Lib/Database/Mysql/DB.php - Line:79
SELECT * FROM time_zone


[Fri Dec 29 6:09:47] VALUES - File:/var/www/framework/App/Lib/Database/Mysql/DB.php - Line:80
Array




[Fri Dec 29 6:09:47] SQL - File:/var/www/framework/App/Lib/Database/Mysql/DB.php - Line:79
SELECT * FROM time_zone


[Fri Dec 29 6:09:47] VALUES - File:/var/www/framework/App/Lib/Database/Mysql/DB.php - Line:80
Array




[Fri Dec 29 6:09:47] SQL - File:/var/www/framework/App/Lib/Database/Mysql/DB.php - Line:79
SELECT * FROM time_zone


[Fri Dec 29 6:09:47] VALUES - File:/var/www/framework/App/Lib/Database/Mysql/DB.php - Line:80
Array




[Fri Dec 29 6:09:47] SQL - File:/var/www/framework/App/Lib/Database/Mysql/DB.php - Line:79
SELECT * FROM time_zone


[Fri Dec 29 6:09:47] VALUES - File:/var/www/framework/App/Lib/Database/Mysql/DB.php - Line:80
Array




[Fri Dec 29 6:11:30] SQL - File:/var/www/framework/App/Lib/Database/Mysql/DB.php - Line:79
SELECT * FROM time_zone


[Fri Dec 29 6:11:30] VALUES - File:/var/www/framework/App/Lib/Database/Mysql/DB.php - Line:80
Array




[Fri Dec 29 6:11:30] SQL - File:/var/www/framework/App/Lib/Database/Mysql/DB.php - Line:79
SELECT * FROM time_zone


[Fri Dec 29 6:11:30] VALUES - File:/var/www/framework/App/Lib/Database/Mysql/DB.php - Line:80
Array




[Fri Dec 29 6:11:30] SQL - File:/var/www/framework/App/Lib/Database/Mysql/DB.php - Line:79
SELECT * FROM time_zone


[Fri Dec 29 6:11:30] VALUES - File:/var/www/framework/App/Lib/Database/Mysql/DB.php - Line:80
Array




[Fri Dec 29 6:11:30] SQL - File:/var/www/framework/App/Lib/Database/Mysql/DB.php - Line:79
SELECT * FROM time_zone


[Fri Dec 29 6:11:30] VALUES - File:/var/www/framework/App/Lib/Database/Mysql/DB.php - Line:80
Array




[Fri Dec 29 6:12:25] SQL - File:/var/www/framework/App/Lib/Database/Mysql/DB.php - Line:79
SELECT * FROM time_zone


[Fri Dec 29 6:12:25] VALUES - File:/var/www/framework/App/Lib/Database/Mysql/DB.php - Line:80
Array




[Fri Dec 29 6:12:25] SQL - File:/var/www/framework/App/Lib/Database/Mysql/DB.php - Line:79
SELECT * FROM time_zone


[Fri Dec 29 6:12:25] VALUES - File:/var/www/framework/App/Lib/Database/Mysql/DB.php - Line:80
Array




[Fri Dec 29 6:12:33] SQL - File:/var/www/framework/App/Lib/Database/Mysql/DB.php - Line:79
SELECT * FROM time_zone


[Fri Dec 29 6:12:33] VALUES - File:/var/www/framework/App/Lib/Database/Mysql/DB.php - Line:80
Array




[Fri Dec 29 6:12:33] SQL - File:/var/www/framework/App/Lib/Database/Mysql/DB.php - Line:79
SELECT * FROM time_zone


[Fri Dec 29 6:12:33] VALUES - File:/var/www/framework/App/Lib/Database/Mysql/DB.php - Line:80
Array




[Fri Dec 29 6:13:15] SQL - File:/var/www/framework/App/Lib/Database/Mysql/DB.php - Line:79
SELECT * FROM time_zone


[Fri Dec 29 6:13:15] VALUES - File:/var/www/framework/App/Lib/Database/Mysql/DB.php - Line:80
Array




[Fri Dec 29 6:13:15] SQL - File:/var/www/framework/App/Lib/Database/Mysql/DB.php - Line:79
SELECT * FROM time_zone


[Fri Dec 29 6:13:15] VALUES - File:/var/www/framework/App/Lib/Database/Mysql/DB.php - Line:80
Array




[Fri Dec 29 6:13:15] SQL - File:/var/www/framework/App/Lib/Database/Mysql/DB.php - Line:79
SELECT *
                FROM gender LIMIT 0, 20 


[Fri Dec 29 6:13:15] VALUES - File:/var/www/framework/App/Lib/Database/Mysql/DB.php - Line:80
Array




[Fri Dec 29 6:13:18] SQL - File:/var/www/framework/App/Lib/Database/Mysql/DB.php - Line:79
SELECT * FROM time_zone


[Fri Dec 29 6:13:18] VALUES - File:/var/www/framework/App/Lib/Database/Mysql/DB.php - Line:80
Array




[Fri Dec 29 6:13:18] SQL - File:/var/www/framework/App/Lib/Database/Mysql/DB.php - Line:79
SELECT * FROM time_zone


[Fri Dec 29 6:13:18] VALUES - File:/var/www/framework/App/Lib/Database/Mysql/DB.php - Line:80
Array




[Fri Dec 29 6:13:19] SQL - File:/var/www/framework/App/Lib/Database/Mysql/DB.php - Line:79
SELECT * FROM time_zone


[Fri Dec 29 6:13:19] VALUES - File:/var/www/framework/App/Lib/Database/Mysql/DB.php - Line:80
Array




[Fri Dec 29 6:13:19] SQL - File:/var/www/framework/App/Lib/Database/Mysql/DB.php - Line:79
SELECT * FROM time_zone


[Fri Dec 29 6:13:19] VALUES - File:/var/www/framework/App/Lib/Database/Mysql/DB.php - Line:80
Array




[Fri Dec 29 6:13:19] SQL - File:/var/www/framework/App/Lib/Database/Mysql/DB.php - Line:79
SELECT *
                FROM gender LIMIT 0, 20 


[Fri Dec 29 6:13:19] VALUES - File:/var/www/framework/App/Lib/Database/Mysql/DB.php - Line:80
Array




[Fri Dec 29 10:08:45] SQL - File:/var/www/framework/App/Lib/Database/Mysql/DB.php - Line:79
SELECT * FROM time_zone


[Fri Dec 29 10:08:45] VALUES - File:/var/www/framework/App/Lib/Database/Mysql/DB.php - Line:80
Array




[Fri Dec 29 10:08:45] SQL - File:/var/www/framework/App/Lib/Database/Mysql/DB.php - Line:79
SELECT * FROM time_zone


[Fri Dec 29 10:08:45] VALUES - File:/var/www/framework/App/Lib/Database/Mysql/DB.php - Line:80
Array




[Fri Dec 29 10:08:45] SQL - File:/var/www/framework/App/Lib/Database/Mysql/DB.php - Line:79
SELECT *
                FROM gender LIMIT 0, 20 


[Fri Dec 29 10:08:45] VALUES - File:/var/www/framework/App/Lib/Database/Mysql/DB.php - Line:80
Array




[Fri Dec 29 10:09:31] SQL - File:/var/www/framework/App/Lib/Database/Mysql/DB.php - Line:79
SELECT * FROM time_zone


[Fri Dec 29 10:09:31] VALUES - File:/var/www/framework/App/Lib/Database/Mysql/DB.php - Line:80
Array




[Fri Dec 29 10:09:31] SQL - File:/var/www/framework/App/Lib/Database/Mysql/DB.php - Line:79
SELECT * FROM time_zone


[Fri Dec 29 10:09:31] VALUES - File:/var/www/framework/App/Lib/Database/Mysql/DB.php - Line:80
Array




[Fri Dec 29 10:09:31] SQL - File:/var/www/framework/App/Lib/Database/Mysql/DB.php - Line:79
SELECT *
                FROM gender LIMIT 0, 20 


[Fri Dec 29 10:09:31] VALUES - File:/var/www/framework/App/Lib/Database/Mysql/DB.php - Line:80
Array




[Fri Dec 29 10:17:52] SQL - File:/var/www/framework/App/Lib/Database/Mysql/DB.php - Line:79
SELECT * FROM time_zone


[Fri Dec 29 10:17:52] VALUES - File:/var/www/framework/App/Lib/Database/Mysql/DB.php - Line:80
Array




[Fri Dec 29 10:17:52] SQL - File:/var/www/framework/App/Lib/Database/Mysql/DB.php - Line:79
SELECT * FROM time_zone


[Fri Dec 29 10:17:52] VALUES - File:/var/www/framework/App/Lib/Database/Mysql/DB.php - Line:80
Array




[Fri Dec 29 10:17:52] SQL - File:/var/www/framework/App/Lib/Database/Mysql/DB.php - Line:79
SELECT * FROM time_zone


[Fri Dec 29 10:17:52] VALUES - File:/var/www/framework/App/Lib/Database/Mysql/DB.php - Line:80
Array




[Fri Dec 29 10:17:52] SQL - File:/var/www/framework/App/Lib/Database/Mysql/DB.php - Line:79
SELECT * FROM time_zone


[Fri Dec 29 10:17:52] VALUES - File:/var/www/framework/App/Lib/Database/Mysql/DB.php - Line:80
Array




[Fri Dec 29 10:17:52] SQL - File:/var/www/framework/App/Lib/Database/Mysql/DB.php - Line:79
SELECT *
                FROM gender LIMIT 0, 20 


[Fri Dec 29 10:17:52] VALUES - File:/var/www/framework/App/Lib/Database/Mysql/DB.php - Line:80
Array




[Fri Dec 29 10:43:05] SQL - File:/var/www/framework/App/Lib/Database/Mysql/DB.php - Line:79
SELECT * FROM time_zone


[Fri Dec 29 10:43:05] VALUES - File:/var/www/framework/App/Lib/Database/Mysql/DB.php - Line:80
Array




[Fri Dec 29 10:43:05] SQL - File:/var/www/framework/App/Lib/Database/Mysql/DB.php - Line:79
SELECT * FROM time_zone


[Fri Dec 29 10:43:05] VALUES - File:/var/www/framework/App/Lib/Database/Mysql/DB.php - Line:80
Array




[Fri Dec 29 10:43:05] SQL - File:/var/www/framework/App/Lib/Database/Mysql/DB.php - Line:79
SELECT *
                FROM gender LIMIT 0, 20 


[Fri Dec 29 10:43:05] VALUES - File:/var/www/framework/App/Lib/Database/Mysql/DB.php - Line:80
Array




[Fri Dec 29 10:43:10] SQL - File:/var/www/framework/App/Lib/Database/Mysql/DB.php - Line:79
SELECT * FROM time_zone


[Fri Dec 29 10:43:10] VALUES - File:/var/www/framework/App/Lib/Database/Mysql/DB.php - Line:80
Array




[Fri Dec 29 10:43:10] SQL - File:/var/www/framework/App/Lib/Database/Mysql/DB.php - Line:79
SELECT * FROM time_zone


[Fri Dec 29 10:43:10] VALUES - File:/var/www/framework/App/Lib/Database/Mysql/DB.php - Line:80
Array




[Fri Dec 29 10:43:26] SQL - File:/var/www/framework/App/Lib/Database/Mysql/DB.php - Line:79
SELECT * FROM time_zone


[Fri Dec 29 10:43:26] VALUES - File:/var/www/framework/App/Lib/Database/Mysql/DB.php - Line:80
Array




[Fri Dec 29 10:43:26] SQL - File:/var/www/framework/App/Lib/Database/Mysql/DB.php - Line:79
SELECT * FROM time_zone


[Fri Dec 29 10:43:26] VALUES - File:/var/www/framework/App/Lib/Database/Mysql/DB.php - Line:80
Array




[Fri Dec 29 10:43:26] SQL - File:/var/www/framework/App/Lib/Database/Mysql/DB.php - Line:79
SELECT *
                FROM gender LIMIT 0, 20 


[Fri Dec 29 10:43:26] VALUES - File:/var/www/framework/App/Lib/Database/Mysql/DB.php - Line:80
Array




[Fri Dec 29 10:50:38] SQL - File:/var/www/framework/App/Lib/Database/Mysql/DB.php - Line:79
SELECT * FROM time_zone


[Fri Dec 29 10:50:38] VALUES - File:/var/www/framework/App/Lib/Database/Mysql/DB.php - Line:80
Array




[Fri Dec 29 10:50:38] SQL - File:/var/www/framework/App/Lib/Database/Mysql/DB.php - Line:79
SELECT * FROM time_zone


[Fri Dec 29 10:50:38] VALUES - File:/var/www/framework/App/Lib/Database/Mysql/DB.php - Line:80
Array




[Fri Dec 29 10:50:38] SQL - File:/var/www/framework/App/Lib/Database/Mysql/DB.php - Line:79
SELECT *
                FROM gender LIMIT 0, 20 


[Fri Dec 29 10:50:38] VALUES - File:/var/www/framework/App/Lib/Database/Mysql/DB.php - Line:80
Array




[Fri Dec 29 11:12:27] SQL - File:/var/www/framework/App/Lib/Database/Mysql/DB.php - Line:79
SELECT * FROM time_zone


[Fri Dec 29 11:12:27] VALUES - File:/var/www/framework/App/Lib/Database/Mysql/DB.php - Line:80
Array




[Fri Dec 29 11:12:27] SQL - File:/var/www/framework/App/Lib/Database/Mysql/DB.php - Line:79
SELECT * FROM time_zone


[Fri Dec 29 11:12:27] VALUES - File:/var/www/framework/App/Lib/Database/Mysql/DB.php - Line:80
Array




[Fri Dec 29 11:12:27] SQL - File:/var/www/framework/App/Lib/Database/Mysql/DB.php - Line:79
SELECT *
                FROM gender LIMIT 0, 20 


[Fri Dec 29 11:12:27] VALUES - File:/var/www/framework/App/Lib/Database/Mysql/DB.php - Line:80
Array




[Fri Dec 29 11:15:11] SQL - File:/var/www/framework/App/Lib/Database/Mysql/DB.php - Line:79
SELECT * FROM time_zone


[Fri Dec 29 11:15:11] VALUES - File:/var/www/framework/App/Lib/Database/Mysql/DB.php - Line:80
Array




[Fri Dec 29 11:15:11] SQL - File:/var/www/framework/App/Lib/Database/Mysql/DB.php - Line:79
SELECT * FROM time_zone


[Fri Dec 29 11:15:11] VALUES - File:/var/www/framework/App/Lib/Database/Mysql/DB.php - Line:80
Array




[Fri Dec 29 11:15:11] SQL - File:/var/www/framework/App/Lib/Database/Mysql/DB.php - Line:79
SELECT *
                FROM gender LIMIT 0, 20 


[Fri Dec 29 11:15:11] VALUES - File:/var/www/framework/App/Lib/Database/Mysql/DB.php - Line:80
Array




[Fri Dec 29 12:00:53] SQL - File:/var/www/framework/App/Lib/Database/Mysql/DB.php - Line:79
SELECT * FROM time_zone


[Fri Dec 29 12:00:53] VALUES - File:/var/www/framework/App/Lib/Database/Mysql/DB.php - Line:80
Array




[Fri Dec 29 12:00:53] SQL - File:/var/www/framework/App/Lib/Database/Mysql/DB.php - Line:79
SELECT * FROM time_zone


[Fri Dec 29 12:00:53] VALUES - File:/var/www/framework/App/Lib/Database/Mysql/DB.php - Line:80
Array




[Fri Dec 29 12:00:53] SQL - File:/var/www/framework/App/Lib/Database/Mysql/DB.php - Line:79
SELECT *
                FROM gender LIMIT 0, 20 


[Fri Dec 29 12:00:53] VALUES - File:/var/www/framework/App/Lib/Database/Mysql/DB.php - Line:80
Array




[Fri Dec 29 12:00:59] SQL - File:/var/www/framework/App/Lib/Database/Mysql/DB.php - Line:79
SELECT * FROM time_zone


[Fri Dec 29 12:00:59] VALUES - File:/var/www/framework/App/Lib/Database/Mysql/DB.php - Line:80
Array




[Fri Dec 29 12:00:59] SQL - File:/var/www/framework/App/Lib/Database/Mysql/DB.php - Line:79
SELECT * FROM time_zone


[Fri Dec 29 12:00:59] VALUES - File:/var/www/framework/App/Lib/Database/Mysql/DB.php - Line:80
Array




[Fri Dec 29 12:00:59] SQL - File:/var/www/framework/App/Lib/Database/Mysql/DB.php - Line:79
SELECT *
                FROM gender LIMIT 0, 20 


[Fri Dec 29 12:00:59] VALUES - File:/var/www/framework/App/Lib/Database/Mysql/DB.php - Line:80
Array




[Fri Dec 29 12:01:00] SQL - File:/var/www/framework/App/Lib/Database/Mysql/DB.php - Line:79
SELECT * FROM time_zone


[Fri Dec 29 12:01:00] VALUES - File:/var/www/framework/App/Lib/Database/Mysql/DB.php - Line:80
Array




[Fri Dec 29 12:01:00] SQL - File:/var/www/framework/App/Lib/Database/Mysql/DB.php - Line:79
SELECT * FROM time_zone


[Fri Dec 29 12:01:00] VALUES - File:/var/www/framework/App/Lib/Database/Mysql/DB.php - Line:80
Array




[Fri Dec 29 12:01:03] SQL - File:/var/www/framework/App/Lib/Database/Mysql/DB.php - Line:79
SELECT * FROM time_zone


[Fri Dec 29 12:01:03] VALUES - File:/var/www/framework/App/Lib/Database/Mysql/DB.php - Line:80
Array




[Fri Dec 29 12:01:03] SQL - File:/var/www/framework/App/Lib/Database/Mysql/DB.php - Line:79
SELECT * FROM time_zone


[Fri Dec 29 12:01:03] VALUES - File:/var/www/framework/App/Lib/Database/Mysql/DB.php - Line:80
Array




[Fri Dec 29 12:01:03] SQL - File:/var/www/framework/App/Lib/Database/Mysql/DB.php - Line:79
SELECT *
                FROM gender LIMIT 0, 20 


[Fri Dec 29 12:01:03] VALUES - File:/var/www/framework/App/Lib/Database/Mysql/DB.php - Line:80
Array




[Fri Dec 29 12:01:06] SQL - File:/var/www/framework/App/Lib/Database/Mysql/DB.php - Line:79
SELECT * FROM time_zone


[Fri Dec 29 12:01:06] VALUES - File:/var/www/framework/App/Lib/Database/Mysql/DB.php - Line:80
Array




[Fri Dec 29 12:01:06] SQL - File:/var/www/framework/App/Lib/Database/Mysql/DB.php - Line:79
SELECT * FROM time_zone


[Fri Dec 29 12:01:06] VALUES - File:/var/www/framework/App/Lib/Database/Mysql/DB.php - Line:80
Array




[Fri Dec 29 12:01:08] SQL - File:/var/www/framework/App/Lib/Database/Mysql/DB.php - Line:79
SELECT * FROM time_zone


[Fri Dec 29 12:01:08] VALUES - File:/var/www/framework/App/Lib/Database/Mysql/DB.php - Line:80
Array




[Fri Dec 29 12:01:08] SQL - File:/var/www/framework/App/Lib/Database/Mysql/DB.php - Line:79
SELECT * FROM time_zone


[Fri Dec 29 12:01:08] VALUES - File:/var/www/framework/App/Lib/Database/Mysql/DB.php - Line:80
Array




[Fri Dec 29 12:01:08] SQL - File:/var/www/framework/App/Lib/Database/Mysql/DB.php - Line:79
SELECT *
                FROM gender LIMIT 0, 20 


[Fri Dec 29 12:01:08] VALUES - File:/var/www/framework/App/Lib/Database/Mysql/DB.php - Line:80
Array




[Fri Dec 29 12:01:25] SQL - File:/var/www/framework/App/Lib/Database/Mysql/DB.php - Line:79
SELECT * FROM time_zone


[Fri Dec 29 12:01:25] VALUES - File:/var/www/framework/App/Lib/Database/Mysql/DB.php - Line:80
Array




[Fri Dec 29 12:01:25] SQL - File:/var/www/framework/App/Lib/Database/Mysql/DB.php - Line:79
SELECT * FROM time_zone


[Fri Dec 29 12:01:25] VALUES - File:/var/www/framework/App/Lib/Database/Mysql/DB.php - Line:80
Array




[Fri Dec 29 12:01:25] SQL - File:/var/www/framework/App/Lib/Database/Mysql/DB.php - Line:79
SELECT *
                FROM gender LIMIT 0, 20 


[Fri Dec 29 12:01:25] VALUES - File:/var/www/framework/App/Lib/Database/Mysql/DB.php - Line:80
Array




[Fri Dec 29 12:02:15] SQL - File:/var/www/framework/App/Lib/Database/Mysql/DB.php - Line:79
SELECT * FROM time_zone


[Fri Dec 29 12:02:15] VALUES - File:/var/www/framework/App/Lib/Database/Mysql/DB.php - Line:80
Array




[Fri Dec 29 12:02:15] SQL - File:/var/www/framework/App/Lib/Database/Mysql/DB.php - Line:79
SELECT * FROM time_zone


[Fri Dec 29 12:02:15] VALUES - File:/var/www/framework/App/Lib/Database/Mysql/DB.php - Line:80
Array




[Fri Dec 29 12:02:15] SQL - File:/var/www/framework/App/Lib/Database/Mysql/DB.php - Line:79
SELECT *
                FROM gender LIMIT 0, 20 


[Fri Dec 29 12:02:15] VALUES - File:/var/www/framework/App/Lib/Database/Mysql/DB.php - Line:80
Array




[Fri Dec 29 12:03:03] SQL - File:/var/www/framework/App/Lib/Database/Mysql/DB.php - Line:79
SELECT * FROM time_zone


[Fri Dec 29 12:03:03] VALUES - File:/var/www/framework/App/Lib/Database/Mysql/DB.php - Line:80
Array




[Fri Dec 29 12:03:03] SQL - File:/var/www/framework/App/Lib/Database/Mysql/DB.php - Line:79
SELECT * FROM time_zone


[Fri Dec 29 12:03:03] VALUES - File:/var/www/framework/App/Lib/Database/Mysql/DB.php - Line:80
Array




[Fri Dec 29 12:03:03] SQL - File:/var/www/framework/App/Lib/Database/Mysql/DB.php - Line:79
SELECT *
                FROM gender LIMIT 0, 20 


[Fri Dec 29 12:03:03] VALUES - File:/var/www/framework/App/Lib/Database/Mysql/DB.php - Line:80
Array




[Fri Dec 29 12:03:09] SQL - File:/var/www/framework/App/Lib/Database/Mysql/DB.php - Line:79
SELECT * FROM time_zone


[Fri Dec 29 12:03:09] VALUES - File:/var/www/framework/App/Lib/Database/Mysql/DB.php - Line:80
Array




[Fri Dec 29 12:03:09] SQL - File:/var/www/framework/App/Lib/Database/Mysql/DB.php - Line:79
SELECT * FROM time_zone


[Fri Dec 29 12:03:09] VALUES - File:/var/www/framework/App/Lib/Database/Mysql/DB.php - Line:80
Array




[Fri Dec 29 12:03:09] SQL - File:/var/www/framework/App/Lib/Database/Mysql/DB.php - Line:79
SELECT *
                FROM gender LIMIT 0, 20 


[Fri Dec 29 12:03:09] VALUES - File:/var/www/framework/App/Lib/Database/Mysql/DB.php - Line:80
Array




[Fri Dec 29 12:03:46] SQL - File:/var/www/framework/App/Lib/Database/Mysql/DB.php - Line:79
SELECT * FROM time_zone


[Fri Dec 29 12:03:46] VALUES - File:/var/www/framework/App/Lib/Database/Mysql/DB.php - Line:80
Array




[Fri Dec 29 12:03:46] SQL - File:/var/www/framework/App/Lib/Database/Mysql/DB.php - Line:79
SELECT * FROM time_zone


[Fri Dec 29 12:03:46] VALUES - File:/var/www/framework/App/Lib/Database/Mysql/DB.php - Line:80
Array




[Fri Dec 29 12:03:46] SQL - File:/var/www/framework/App/Lib/Database/Mysql/DB.php - Line:79
SELECT *
                FROM gender LIMIT 0, 20 


[Fri Dec 29 12:03:46] VALUES - File:/var/www/framework/App/Lib/Database/Mysql/DB.php - Line:80
Array




[Fri Dec 29 12:05:51] SQL - File:/var/www/framework/App/Lib/Database/Mysql/DB.php - Line:79
SELECT * FROM time_zone


[Fri Dec 29 12:05:51] VALUES - File:/var/www/framework/App/Lib/Database/Mysql/DB.php - Line:80
Array




[Fri Dec 29 12:05:51] SQL - File:/var/www/framework/App/Lib/Database/Mysql/DB.php - Line:79
SELECT * FROM time_zone


[Fri Dec 29 12:05:51] VALUES - File:/var/www/framework/App/Lib/Database/Mysql/DB.php - Line:80
Array




[Fri Dec 29 12:05:51] SQL - File:/var/www/framework/App/Lib/Database/Mysql/DB.php - Line:79
SELECT *
                FROM gender LIMIT 0, 20 


[Fri Dec 29 12:05:51] VALUES - File:/var/www/framework/App/Lib/Database/Mysql/DB.php - Line:80
Array




[Fri Dec 29 12:06:53] SQL - File:/var/www/framework/App/Lib/Database/Mysql/DB.php - Line:79
SELECT * FROM time_zone


[Fri Dec 29 12:06:53] VALUES - File:/var/www/framework/App/Lib/Database/Mysql/DB.php - Line:80
Array




[Fri Dec 29 12:06:53] SQL - File:/var/www/framework/App/Lib/Database/Mysql/DB.php - Line:79
SELECT * FROM time_zone


[Fri Dec 29 12:06:53] VALUES - File:/var/www/framework/App/Lib/Database/Mysql/DB.php - Line:80
Array




[Fri Dec 29 12:06:53] SQL - File:/var/www/framework/App/Lib/Database/Mysql/DB.php - Line:79
SELECT * FROM time_zone


[Fri Dec 29 12:06:53] VALUES - File:/var/www/framework/App/Lib/Database/Mysql/DB.php - Line:80
Array




[Fri Dec 29 12:06:53] SQL - File:/var/www/framework/App/Lib/Database/Mysql/DB.php - Line:79
SELECT * FROM time_zone


[Fri Dec 29 12:06:53] VALUES - File:/var/www/framework/App/Lib/Database/Mysql/DB.php - Line:80
Array




[Fri Dec 29 12:06:53] SQL - File:/var/www/framework/App/Lib/Database/Mysql/DB.php - Line:79
SELECT *
                FROM gender LIMIT 0, 20 


[Fri Dec 29 12:06:53] VALUES - File:/var/www/framework/App/Lib/Database/Mysql/DB.php - Line:80
Array




[Sat Dec 30 12:35:15] SQL - File:/var/www/framework/App/Lib/Database/Mysql/DB.php - Line:79
SELECT table_name FROM information_schema.tables where table_schema = ?


[Sat Dec 30 12:35:15] VALUES - File:/var/www/framework/App/Lib/Database/Mysql/DB.php - Line:80
Array

      [0] => DB_NAME



[Sat Dec 30 12:35:51] SQL - File:/var/www/framework/App/Lib/Database/Mysql/DB.php - Line:79
SELECT table_name FROM information_schema.tables where table_schema = ?


[Sat Dec 30 12:35:51] VALUES - File:/var/www/framework/App/Lib/Database/Mysql/DB.php - Line:80
Array

      [0] => DB_NAME



[Sat Dec 30 12:54:54] SQL - File:/var/www/framework/App/Lib/Database/Mysql/DB.php - Line:79
SELECT table_name FROM information_schema.tables where table_schema = ?


[Sat Dec 30 12:54:54] VALUES - File:/var/www/framework/App/Lib/Database/Mysql/DB.php - Line:80
Array

      [0] => DB_NAME



[Sat Dec 30 12:55:47] SQL - File:/var/www/framework/App/Lib/Database/Mysql/DB.php - Line:79
SELECT table_name FROM information_schema.tables where table_schema = ?


[Sat Dec 30 12:55:47] VALUES - File:/var/www/framework/App/Lib/Database/Mysql/DB.php - Line:80
Array

      [0] => DB_NAME



[Sat Dec 30 12:56:11] SQL - File:/var/www/framework/App/Lib/Database/Mysql/DB.php - Line:79
SELECT table_name FROM information_schema.tables where table_schema = ?


[Sat Dec 30 12:56:11] VALUES - File:/var/www/framework/App/Lib/Database/Mysql/DB.php - Line:80
Array

      [0] => DB_NAME



[Sat Dec 30 12:57:06] SQL - File:/var/www/framework/App/Lib/Database/Mysql/DB.php - Line:79
SELECT table_name FROM information_schema.tables where table_schema = ?


[Sat Dec 30 12:57:06] VALUES - File:/var/www/framework/App/Lib/Database/Mysql/DB.php - Line:80
Array

      [0] => dating_site



[Sat Dec 30 8:02:47] SQL - File:/var/www/framework/App/Lib/Database/Mysql/DB.php - Line:79
SELECT * FROM time_zone


[Sat Dec 30 8:02:47] VALUES - File:/var/www/framework/App/Lib/Database/Mysql/DB.php - Line:80
Array




[Sat Dec 30 8:02:47] SQL - File:/var/www/framework/App/Lib/Database/Mysql/DB.php - Line:79
SELECT * FROM time_zone


[Sat Dec 30 8:02:47] VALUES - File:/var/www/framework/App/Lib/Database/Mysql/DB.php - Line:80
Array




[Sat Dec 30 16:04:22] SQL - File:/var/www/framework/App/Lib/Database/Mysql/DB.php - Line:79
SELECT table_name FROM information_schema.tables where table_schema = ?


[Sat Dec 30 16:04:22] VALUES - File:/var/www/framework/App/Lib/Database/Mysql/DB.php - Line:80
Array

      [0] => dating_site



[Sat Dec 30 8:04:30] SQL - File:/var/www/framework/App/Lib/Database/Mysql/DB.php - Line:79
SELECT * FROM time_zone


[Sat Dec 30 8:04:30] VALUES - File:/var/www/framework/App/Lib/Database/Mysql/DB.php - Line:80
Array




[Sat Dec 30 8:04:30] SQL - File:/var/www/framework/App/Lib/Database/Mysql/DB.php - Line:79
SELECT * FROM time_zone


[Sat Dec 30 8:04:30] VALUES - File:/var/www/framework/App/Lib/Database/Mysql/DB.php - Line:80
Array




[Sat Dec 30 8:04:30] SQL - File:/var/www/framework/App/Lib/Database/Mysql/DB.php - Line:79
SELECT *
                FROM gender LIMIT 0, 20 


[Sat Dec 30 8:04:30] VALUES - File:/var/www/framework/App/Lib/Database/Mysql/DB.php - Line:80
Array




[Sat Dec 30 8:04:33] SQL - File:/var/www/framework/App/Lib/Database/Mysql/DB.php - Line:79
SELECT * FROM time_zone


[Sat Dec 30 8:04:33] VALUES - File:/var/www/framework/App/Lib/Database/Mysql/DB.php - Line:80
Array




[Sat Dec 30 8:04:33] SQL - File:/var/www/framework/App/Lib/Database/Mysql/DB.php - Line:79
SELECT * FROM time_zone


[Sat Dec 30 8:04:33] VALUES - File:/var/www/framework/App/Lib/Database/Mysql/DB.php - Line:80
Array




[Sat Dec 30 8:04:33] SQL - File:/var/www/framework/App/Lib/Database/Mysql/DB.php - Line:79
SELECT *
                FROM gender LIMIT 0, 20 


[Sat Dec 30 8:04:33] VALUES - File:/var/www/framework/App/Lib/Database/Mysql/DB.php - Line:80
Array




[Sat Dec 30 8:04:35] SQL - File:/var/www/framework/App/Lib/Database/Mysql/DB.php - Line:79
SELECT * FROM time_zone


[Sat Dec 30 8:04:35] VALUES - File:/var/www/framework/App/Lib/Database/Mysql/DB.php - Line:80
Array




[Sat Dec 30 8:04:35] SQL - File:/var/www/framework/App/Lib/Database/Mysql/DB.php - Line:79
SELECT * FROM time_zone


[Sat Dec 30 8:04:35] VALUES - File:/var/www/framework/App/Lib/Database/Mysql/DB.php - Line:80
Array




[Sat Dec 30 8:04:39] SQL - File:/var/www/framework/App/Lib/Database/Mysql/DB.php - Line:79
SELECT * FROM time_zone


[Sat Dec 30 8:04:39] VALUES - File:/var/www/framework/App/Lib/Database/Mysql/DB.php - Line:80
Array




[Sat Dec 30 8:04:39] SQL - File:/var/www/framework/App/Lib/Database/Mysql/DB.php - Line:79
SELECT * FROM time_zone


[Sat Dec 30 8:04:39] VALUES - File:/var/www/framework/App/Lib/Database/Mysql/DB.php - Line:80
Array




[Sat Dec 30 8:04:39] SQL - File:/var/www/framework/App/Lib/Database/Mysql/DB.php - Line:79
SELECT *
                FROM gender LIMIT 0, 20 


[Sat Dec 30 8:04:39] VALUES - File:/var/www/framework/App/Lib/Database/Mysql/DB.php - Line:80
Array




[Tue Jan 2 8:03:03] SQL - File:/var/www/framework/App/Lib/Database/Mysql/DB.php - Line:79
SELECT * FROM time_zone


[Tue Jan 2 8:03:03] VALUES - File:/var/www/framework/App/Lib/Database/Mysql/DB.php - Line:80
Array




[Tue Jan 2 8:03:03] SQL - File:/var/www/framework/App/Lib/Database/Mysql/DB.php - Line:79
SELECT * FROM time_zone


[Tue Jan 2 8:03:03] VALUES - File:/var/www/framework/App/Lib/Database/Mysql/DB.php - Line:80
Array




[Tue Jan 2 8:03:03] SQL - File:/var/www/framework/App/Lib/Database/Mysql/DB.php - Line:79
SELECT *
                FROM gender LIMIT 0, 20 


[Tue Jan 2 8:03:03] VALUES - File:/var/www/framework/App/Lib/Database/Mysql/DB.php - Line:80
Array




[Tue Jan 2 8:03:05] SQL - File:/var/www/framework/App/Lib/Database/Mysql/DB.php - Line:79
SELECT * FROM time_zone


[Tue Jan 2 8:03:05] VALUES - File:/var/www/framework/App/Lib/Database/Mysql/DB.php - Line:80
Array




[Tue Jan 2 8:03:05] SQL - File:/var/www/framework/App/Lib/Database/Mysql/DB.php - Line:79
SELECT * FROM time_zone


[Tue Jan 2 8:03:05] VALUES - File:/var/www/framework/App/Lib/Database/Mysql/DB.php - Line:80
Array




[Tue Jan 2 8:03:09] SQL - File:/var/www/framework/App/Lib/Database/Mysql/DB.php - Line:79
SELECT * FROM time_zone


[Tue Jan 2 8:03:09] VALUES - File:/var/www/framework/App/Lib/Database/Mysql/DB.php - Line:80
Array




[Tue Jan 2 8:03:09] SQL - File:/var/www/framework/App/Lib/Database/Mysql/DB.php - Line:79
SELECT * FROM time_zone


[Tue Jan 2 8:03:09] VALUES - File:/var/www/framework/App/Lib/Database/Mysql/DB.php - Line:80
Array




[Tue Jan 2 8:03:09] SQL - File:/var/www/framework/App/Lib/Database/Mysql/DB.php - Line:79
SELECT *
                FROM gender LIMIT 0, 20 


[Tue Jan 2 8:03:09] VALUES - File:/var/www/framework/App/Lib/Database/Mysql/DB.php - Line:80
Array




[Tue Jan 2 8:03:52] SQL - File:/var/www/framework/App/Lib/Database/Mysql/DB.php - Line:79
SELECT * FROM time_zone


[Tue Jan 2 8:03:52] VALUES - File:/var/www/framework/App/Lib/Database/Mysql/DB.php - Line:80
Array




[Tue Jan 2 8:03:52] SQL - File:/var/www/framework/App/Lib/Database/Mysql/DB.php - Line:79
SELECT * FROM time_zone


[Tue Jan 2 8:03:52] VALUES - File:/var/www/framework/App/Lib/Database/Mysql/DB.php - Line:80
Array




[Tue Jan 2 8:03:52] SQL - File:/var/www/framework/App/Lib/Database/Mysql/DB.php - Line:79
SELECT *
                FROM gender LIMIT 0, 20 


[Tue Jan 2 8:03:52] VALUES - File:/var/www/framework/App/Lib/Database/Mysql/DB.php - Line:80
Array




[Tue Jan 2 8:04:14] SQL - File:/var/www/framework/App/Lib/Database/Mysql/DB.php - Line:79
SELECT * FROM time_zone


[Tue Jan 2 8:04:14] VALUES - File:/var/www/framework/App/Lib/Database/Mysql/DB.php - Line:80
Array




[Tue Jan 2 8:04:14] SQL - File:/var/www/framework/App/Lib/Database/Mysql/DB.php - Line:79
SELECT * FROM time_zone


[Tue Jan 2 8:04:14] VALUES - File:/var/www/framework/App/Lib/Database/Mysql/DB.php - Line:80
Array




[Tue Jan 2 8:04:14] SQL - File:/var/www/framework/App/Lib/Database/Mysql/DB.php - Line:79
SELECT *
                FROM gender LIMIT 0, 20 


[Tue Jan 2 8:04:14] VALUES - File:/var/www/framework/App/Lib/Database/Mysql/DB.php - Line:80
Array




[Tue Jan 2 8:04:14] SQL - File:/var/www/framework/App/Lib/Database/Mysql/DB.php - Line:79
SELECT * FROM time_zone


[Tue Jan 2 8:04:14] VALUES - File:/var/www/framework/App/Lib/Database/Mysql/DB.php - Line:80
Array




[Tue Jan 2 8:04:14] SQL - File:/var/www/framework/App/Lib/Database/Mysql/DB.php - Line:79
SELECT * FROM time_zone


[Tue Jan 2 8:04:14] VALUES - File:/var/www/framework/App/Lib/Database/Mysql/DB.php - Line:80
Array




[Tue Jan 2 8:04:14] SQL - File:/var/www/framework/App/Lib/Database/Mysql/DB.php - Line:79
SELECT *
                FROM gender LIMIT 0, 20 


[Tue Jan 2 8:04:14] VALUES - File:/var/www/framework/App/Lib/Database/Mysql/DB.php - Line:80
Array




[Tue Jan 2 8:04:15] SQL - File:/var/www/framework/App/Lib/Database/Mysql/DB.php - Line:79
SELECT * FROM time_zone


[Tue Jan 2 8:04:15] VALUES - File:/var/www/framework/App/Lib/Database/Mysql/DB.php - Line:80
Array




[Tue Jan 2 8:04:15] SQL - File:/var/www/framework/App/Lib/Database/Mysql/DB.php - Line:79
SELECT * FROM time_zone


[Tue Jan 2 8:04:15] VALUES - File:/var/www/framework/App/Lib/Database/Mysql/DB.php - Line:80
Array




[Tue Jan 2 8:04:15] SQL - File:/var/www/framework/App/Lib/Database/Mysql/DB.php - Line:79
SELECT *
                FROM gender LIMIT 0, 20 


[Tue Jan 2 8:04:15] VALUES - File:/var/www/framework/App/Lib/Database/Mysql/DB.php - Line:80
Array




[Tue Jan 2 8:04:15] SQL - File:/var/www/framework/App/Lib/Database/Mysql/DB.php - Line:79
SELECT * FROM time_zone


[Tue Jan 2 8:04:15] VALUES - File:/var/www/framework/App/Lib/Database/Mysql/DB.php - Line:80
Array




[Tue Jan 2 8:04:15] SQL - File:/var/www/framework/App/Lib/Database/Mysql/DB.php - Line:79
SELECT * FROM time_zone


[Tue Jan 2 8:04:15] VALUES - File:/var/www/framework/App/Lib/Database/Mysql/DB.php - Line:80
Array




[Tue Jan 2 8:04:15] SQL - File:/var/www/framework/App/Lib/Database/Mysql/DB.php - Line:79
SELECT *
                FROM gender LIMIT 0, 20 


[Tue Jan 2 8:04:15] VALUES - File:/var/www/framework/App/Lib/Database/Mysql/DB.php - Line:80
Array




[Tue Jan 2 8:05:11] SQL - File:/var/www/framework/App/Lib/Database/Mysql/DB.php - Line:79
SELECT * FROM time_zone


[Tue Jan 2 8:05:11] VALUES - File:/var/www/framework/App/Lib/Database/Mysql/DB.php - Line:80
Array




[Tue Jan 2 8:05:11] SQL - File:/var/www/framework/App/Lib/Database/Mysql/DB.php - Line:79
SELECT * FROM time_zone


[Tue Jan 2 8:05:11] VALUES - File:/var/www/framework/App/Lib/Database/Mysql/DB.php - Line:80
Array




[Tue Jan 2 8:05:11] SQL - File:/var/www/framework/App/Lib/Database/Mysql/DB.php - Line:79
SELECT *
                FROM gender LIMIT 0, 20 


[Tue Jan 2 8:05:11] VALUES - File:/var/www/framework/App/Lib/Database/Mysql/DB.php - Line:80
Array



