
[Fri Dec 29 10:08:45] sign_up - File:/var/www/framework/App/Lib/Smarty/Plugins/function.translate.php - Line:34



[Fri Dec 29 10:09:31] sign_up - File:/var/www/framework/App/Lib/Smarty/Plugins/function.translate.php - Line:34



[Fri Dec 29 10:09:31] first_name - File:/var/www/framework/App/Lib/Smarty/Plugins/function.translate.php - Line:34



[Fri Dec 29 10:09:31] last_name - File:/var/www/framework/App/Lib/Smarty/Plugins/function.translate.php - Line:34



[Fri Dec 29 10:09:31] email - File:/var/www/framework/App/Lib/Smarty/Plugins/function.translate.php - Line:34



[Fri Dec 29 10:09:31] confirm_email - File:/var/www/framework/App/Lib/Smarty/Plugins/function.translate.php - Line:34



[Fri Dec 29 10:09:31] username - File:/var/www/framework/App/Lib/Smarty/Plugins/function.translate.php - Line:34



[Fri Dec 29 10:09:31] password - File:/var/www/framework/App/Lib/Smarty/Plugins/function.translate.php - Line:34



[Fri Dec 29 10:09:31] confirm_password - File:/var/www/framework/App/Lib/Smarty/Plugins/function.translate.php - Line:34



[Fri Dec 29 10:09:31] gender - File:/var/www/framework/App/Lib/Smarty/Plugins/function.translate.php - Line:34



[Fri Dec 29 10:09:31] select - File:/var/www/framework/App/Lib/Smarty/Plugins/function.translate.php - Line:34



[Fri Dec 29 10:09:31] birth_year - File:/var/www/framework/App/Lib/Smarty/Plugins/function.translate.php - Line:34



[Fri Dec 29 10:09:31] signup - File:/var/www/framework/App/Lib/Smarty/Plugins/function.translate.php - Line:34



[Fri Dec 29 10:17:52] sign_up - File:/var/www/framework/App/Lib/Smarty/Plugins/function.translate.php - Line:34



[Fri Dec 29 10:17:52] first_name - File:/var/www/framework/App/Lib/Smarty/Plugins/function.translate.php - Line:34



[Fri Dec 29 10:17:52] last_name - File:/var/www/framework/App/Lib/Smarty/Plugins/function.translate.php - Line:34



[Fri Dec 29 10:17:52] email - File:/var/www/framework/App/Lib/Smarty/Plugins/function.translate.php - Line:34



[Fri Dec 29 10:17:52] confirm_email - File:/var/www/framework/App/Lib/Smarty/Plugins/function.translate.php - Line:34



[Fri Dec 29 10:17:52] username - File:/var/www/framework/App/Lib/Smarty/Plugins/function.translate.php - Line:34



[Fri Dec 29 10:17:52] password - File:/var/www/framework/App/Lib/Smarty/Plugins/function.translate.php - Line:34



[Fri Dec 29 10:17:52] confirm_password - File:/var/www/framework/App/Lib/Smarty/Plugins/function.translate.php - Line:34



[Fri Dec 29 10:17:52] gender - File:/var/www/framework/App/Lib/Smarty/Plugins/function.translate.php - Line:34



[Fri Dec 29 10:17:52] select - File:/var/www/framework/App/Lib/Smarty/Plugins/function.translate.php - Line:34



[Fri Dec 29 10:17:52] birth_year - File:/var/www/framework/App/Lib/Smarty/Plugins/function.translate.php - Line:34



[Fri Dec 29 10:17:52] signup - File:/var/www/framework/App/Lib/Smarty/Plugins/function.translate.php - Line:34



[Fri Dec 29 10:43:05] sign_up - File:/var/www/framework/App/Lib/Smarty/Plugins/function.translate.php - Line:34



[Fri Dec 29 10:43:05] first_name - File:/var/www/framework/App/Lib/Smarty/Plugins/function.translate.php - Line:34



[Fri Dec 29 10:43:05] last_name - File:/var/www/framework/App/Lib/Smarty/Plugins/function.translate.php - Line:34



[Fri Dec 29 10:43:05] email - File:/var/www/framework/App/Lib/Smarty/Plugins/function.translate.php - Line:34



[Fri Dec 29 10:43:05] confirm_email - File:/var/www/framework/App/Lib/Smarty/Plugins/function.translate.php - Line:34



[Fri Dec 29 10:43:05] username - File:/var/www/framework/App/Lib/Smarty/Plugins/function.translate.php - Line:34



[Fri Dec 29 10:43:05] password - File:/var/www/framework/App/Lib/Smarty/Plugins/function.translate.php - Line:34



[Fri Dec 29 10:43:05] confirm_password - File:/var/www/framework/App/Lib/Smarty/Plugins/function.translate.php - Line:34



[Fri Dec 29 10:43:05] gender - File:/var/www/framework/App/Lib/Smarty/Plugins/function.translate.php - Line:34



[Fri Dec 29 10:43:05] select - File:/var/www/framework/App/Lib/Smarty/Plugins/function.translate.php - Line:34



[Fri Dec 29 10:43:05] birth_year - File:/var/www/framework/App/Lib/Smarty/Plugins/function.translate.php - Line:34



[Fri Dec 29 10:43:05] signup - File:/var/www/framework/App/Lib/Smarty/Plugins/function.translate.php - Line:34



[Fri Dec 29 10:43:26] sign_up - File:/var/www/framework/App/Lib/Smarty/Plugins/function.translate.php - Line:34



[Fri Dec 29 10:43:26] first_name - File:/var/www/framework/App/Lib/Smarty/Plugins/function.translate.php - Line:34



[Fri Dec 29 10:43:26] last_name - File:/var/www/framework/App/Lib/Smarty/Plugins/function.translate.php - Line:34



[Fri Dec 29 10:43:26] email - File:/var/www/framework/App/Lib/Smarty/Plugins/function.translate.php - Line:34



[Fri Dec 29 10:43:26] confirm_email - File:/var/www/framework/App/Lib/Smarty/Plugins/function.translate.php - Line:34



[Fri Dec 29 10:43:26] username - File:/var/www/framework/App/Lib/Smarty/Plugins/function.translate.php - Line:34



[Fri Dec 29 10:43:26] password - File:/var/www/framework/App/Lib/Smarty/Plugins/function.translate.php - Line:34



[Fri Dec 29 10:43:26] confirm_password - File:/var/www/framework/App/Lib/Smarty/Plugins/function.translate.php - Line:34



[Fri Dec 29 10:43:26] gender - File:/var/www/framework/App/Lib/Smarty/Plugins/function.translate.php - Line:34



[Fri Dec 29 10:43:26] select - File:/var/www/framework/App/Lib/Smarty/Plugins/function.translate.php - Line:34



[Fri Dec 29 10:43:26] birth_year - File:/var/www/framework/App/Lib/Smarty/Plugins/function.translate.php - Line:34



[Fri Dec 29 10:43:26] signup - File:/var/www/framework/App/Lib/Smarty/Plugins/function.translate.php - Line:34



[Fri Dec 29 10:50:38] sign_up - File:/var/www/framework/App/Lib/Smarty/Plugins/function.translate.php - Line:34



[Fri Dec 29 10:50:38] first_name - File:/var/www/framework/App/Lib/Smarty/Plugins/function.translate.php - Line:34



[Fri Dec 29 10:50:38] last_name - File:/var/www/framework/App/Lib/Smarty/Plugins/function.translate.php - Line:34



[Fri Dec 29 10:50:38] email - File:/var/www/framework/App/Lib/Smarty/Plugins/function.translate.php - Line:34



[Fri Dec 29 10:50:38] confirm_email - File:/var/www/framework/App/Lib/Smarty/Plugins/function.translate.php - Line:34



[Fri Dec 29 10:50:38] username - File:/var/www/framework/App/Lib/Smarty/Plugins/function.translate.php - Line:34



[Fri Dec 29 10:50:38] password - File:/var/www/framework/App/Lib/Smarty/Plugins/function.translate.php - Line:34



[Fri Dec 29 10:50:38] confirm_password - File:/var/www/framework/App/Lib/Smarty/Plugins/function.translate.php - Line:34



[Fri Dec 29 10:50:38] gender - File:/var/www/framework/App/Lib/Smarty/Plugins/function.translate.php - Line:34



[Fri Dec 29 10:50:38] select - File:/var/www/framework/App/Lib/Smarty/Plugins/function.translate.php - Line:34



[Fri Dec 29 10:50:38] birth_year - File:/var/www/framework/App/Lib/Smarty/Plugins/function.translate.php - Line:34



[Fri Dec 29 10:50:38] signup - File:/var/www/framework/App/Lib/Smarty/Plugins/function.translate.php - Line:34



[Fri Dec 29 11:12:27] sign_up - File:/var/www/framework/App/Lib/Smarty/Plugins/function.translate.php - Line:34



[Fri Dec 29 11:12:27] first_name - File:/var/www/framework/App/Lib/Smarty/Plugins/function.translate.php - Line:34



[Fri Dec 29 11:12:27] last_name - File:/var/www/framework/App/Lib/Smarty/Plugins/function.translate.php - Line:34



[Fri Dec 29 11:12:27] email - File:/var/www/framework/App/Lib/Smarty/Plugins/function.translate.php - Line:34



[Fri Dec 29 11:12:27] confirm_email - File:/var/www/framework/App/Lib/Smarty/Plugins/function.translate.php - Line:34



[Fri Dec 29 11:12:27] username - File:/var/www/framework/App/Lib/Smarty/Plugins/function.translate.php - Line:34



[Fri Dec 29 11:12:27] password - File:/var/www/framework/App/Lib/Smarty/Plugins/function.translate.php - Line:34



[Fri Dec 29 11:12:27] confirm_password - File:/var/www/framework/App/Lib/Smarty/Plugins/function.translate.php - Line:34



[Fri Dec 29 11:12:27] gender - File:/var/www/framework/App/Lib/Smarty/Plugins/function.translate.php - Line:34



[Fri Dec 29 11:12:27] select - File:/var/www/framework/App/Lib/Smarty/Plugins/function.translate.php - Line:34



[Fri Dec 29 11:12:27] birth_year - File:/var/www/framework/App/Lib/Smarty/Plugins/function.translate.php - Line:34



[Fri Dec 29 11:12:27] signup - File:/var/www/framework/App/Lib/Smarty/Plugins/function.translate.php - Line:34



[Fri Dec 29 11:15:11] sign_up - File:/var/www/framework/App/Lib/Smarty/Plugins/function.translate.php - Line:34



[Fri Dec 29 11:15:11] first_name - File:/var/www/framework/App/Lib/Smarty/Plugins/function.translate.php - Line:34



[Fri Dec 29 11:15:11] last_name - File:/var/www/framework/App/Lib/Smarty/Plugins/function.translate.php - Line:34



[Fri Dec 29 11:15:11] email - File:/var/www/framework/App/Lib/Smarty/Plugins/function.translate.php - Line:34



[Fri Dec 29 11:15:11] confirm_email - File:/var/www/framework/App/Lib/Smarty/Plugins/function.translate.php - Line:34



[Fri Dec 29 11:15:11] username - File:/var/www/framework/App/Lib/Smarty/Plugins/function.translate.php - Line:34



[Fri Dec 29 11:15:11] password - File:/var/www/framework/App/Lib/Smarty/Plugins/function.translate.php - Line:34



[Fri Dec 29 11:15:11] confirm_password - File:/var/www/framework/App/Lib/Smarty/Plugins/function.translate.php - Line:34



[Fri Dec 29 11:15:11] gender - File:/var/www/framework/App/Lib/Smarty/Plugins/function.translate.php - Line:34



[Fri Dec 29 11:15:11] select - File:/var/www/framework/App/Lib/Smarty/Plugins/function.translate.php - Line:34



[Fri Dec 29 11:15:11] birth_year - File:/var/www/framework/App/Lib/Smarty/Plugins/function.translate.php - Line:34



[Fri Dec 29 11:15:11] signup - File:/var/www/framework/App/Lib/Smarty/Plugins/function.translate.php - Line:34



[Fri Dec 29 12:00:53] sign_up - File:/var/www/framework/App/Lib/Smarty/Plugins/function.translate.php - Line:34



[Fri Dec 29 12:00:53] first_name - File:/var/www/framework/App/Lib/Smarty/Plugins/function.translate.php - Line:34



[Fri Dec 29 12:00:53] last_name - File:/var/www/framework/App/Lib/Smarty/Plugins/function.translate.php - Line:34



[Fri Dec 29 12:00:53] email - File:/var/www/framework/App/Lib/Smarty/Plugins/function.translate.php - Line:34



[Fri Dec 29 12:00:53] confirm_email - File:/var/www/framework/App/Lib/Smarty/Plugins/function.translate.php - Line:34



[Fri Dec 29 12:00:53] username - File:/var/www/framework/App/Lib/Smarty/Plugins/function.translate.php - Line:34



[Fri Dec 29 12:00:53] password - File:/var/www/framework/App/Lib/Smarty/Plugins/function.translate.php - Line:34



[Fri Dec 29 12:00:53] confirm_password - File:/var/www/framework/App/Lib/Smarty/Plugins/function.translate.php - Line:34



[Fri Dec 29 12:00:53] gender - File:/var/www/framework/App/Lib/Smarty/Plugins/function.translate.php - Line:34



[Fri Dec 29 12:00:53] select - File:/var/www/framework/App/Lib/Smarty/Plugins/function.translate.php - Line:34



[Fri Dec 29 12:00:53] birth_year - File:/var/www/framework/App/Lib/Smarty/Plugins/function.translate.php - Line:34



[Fri Dec 29 12:00:53] signup - File:/var/www/framework/App/Lib/Smarty/Plugins/function.translate.php - Line:34



[Fri Dec 29 12:00:59] sign_up - File:/var/www/framework/App/Lib/Smarty/Plugins/function.translate.php - Line:34



[Fri Dec 29 12:00:59] first_name - File:/var/www/framework/App/Lib/Smarty/Plugins/function.translate.php - Line:34



[Fri Dec 29 12:00:59] last_name - File:/var/www/framework/App/Lib/Smarty/Plugins/function.translate.php - Line:34



[Fri Dec 29 12:00:59] email - File:/var/www/framework/App/Lib/Smarty/Plugins/function.translate.php - Line:34



[Fri Dec 29 12:00:59] confirm_email - File:/var/www/framework/App/Lib/Smarty/Plugins/function.translate.php - Line:34



[Fri Dec 29 12:00:59] username - File:/var/www/framework/App/Lib/Smarty/Plugins/function.translate.php - Line:34



[Fri Dec 29 12:00:59] password - File:/var/www/framework/App/Lib/Smarty/Plugins/function.translate.php - Line:34



[Fri Dec 29 12:00:59] confirm_password - File:/var/www/framework/App/Lib/Smarty/Plugins/function.translate.php - Line:34



[Fri Dec 29 12:00:59] gender - File:/var/www/framework/App/Lib/Smarty/Plugins/function.translate.php - Line:34



[Fri Dec 29 12:00:59] select - File:/var/www/framework/App/Lib/Smarty/Plugins/function.translate.php - Line:34



[Fri Dec 29 12:00:59] birth_year - File:/var/www/framework/App/Lib/Smarty/Plugins/function.translate.php - Line:34



[Fri Dec 29 12:00:59] signup - File:/var/www/framework/App/Lib/Smarty/Plugins/function.translate.php - Line:34



[Fri Dec 29 12:01:03] sign_up - File:/var/www/framework/App/Lib/Smarty/Plugins/function.translate.php - Line:34



[Fri Dec 29 12:01:03] first_name - File:/var/www/framework/App/Lib/Smarty/Plugins/function.translate.php - Line:34



[Fri Dec 29 12:01:03] last_name - File:/var/www/framework/App/Lib/Smarty/Plugins/function.translate.php - Line:34



[Fri Dec 29 12:01:03] email - File:/var/www/framework/App/Lib/Smarty/Plugins/function.translate.php - Line:34



[Fri Dec 29 12:01:03] confirm_email - File:/var/www/framework/App/Lib/Smarty/Plugins/function.translate.php - Line:34



[Fri Dec 29 12:01:03] username - File:/var/www/framework/App/Lib/Smarty/Plugins/function.translate.php - Line:34



[Fri Dec 29 12:01:03] password - File:/var/www/framework/App/Lib/Smarty/Plugins/function.translate.php - Line:34



[Fri Dec 29 12:01:03] confirm_password - File:/var/www/framework/App/Lib/Smarty/Plugins/function.translate.php - Line:34



[Fri Dec 29 12:01:03] gender - File:/var/www/framework/App/Lib/Smarty/Plugins/function.translate.php - Line:34



[Fri Dec 29 12:01:03] select - File:/var/www/framework/App/Lib/Smarty/Plugins/function.translate.php - Line:34



[Fri Dec 29 12:01:03] birth_year - File:/var/www/framework/App/Lib/Smarty/Plugins/function.translate.php - Line:34



[Fri Dec 29 12:01:03] signup - File:/var/www/framework/App/Lib/Smarty/Plugins/function.translate.php - Line:34



[Fri Dec 29 12:01:08] sign_up - File:/var/www/framework/App/Lib/Smarty/Plugins/function.translate.php - Line:34



[Fri Dec 29 12:01:08] first_name - File:/var/www/framework/App/Lib/Smarty/Plugins/function.translate.php - Line:34



[Fri Dec 29 12:01:08] last_name - File:/var/www/framework/App/Lib/Smarty/Plugins/function.translate.php - Line:34



[Fri Dec 29 12:01:08] email - File:/var/www/framework/App/Lib/Smarty/Plugins/function.translate.php - Line:34



[Fri Dec 29 12:01:08] confirm_email - File:/var/www/framework/App/Lib/Smarty/Plugins/function.translate.php - Line:34



[Fri Dec 29 12:01:08] username - File:/var/www/framework/App/Lib/Smarty/Plugins/function.translate.php - Line:34



[Fri Dec 29 12:01:08] password - File:/var/www/framework/App/Lib/Smarty/Plugins/function.translate.php - Line:34



[Fri Dec 29 12:01:08] confirm_password - File:/var/www/framework/App/Lib/Smarty/Plugins/function.translate.php - Line:34



[Fri Dec 29 12:01:08] gender - File:/var/www/framework/App/Lib/Smarty/Plugins/function.translate.php - Line:34



[Fri Dec 29 12:01:08] select - File:/var/www/framework/App/Lib/Smarty/Plugins/function.translate.php - Line:34



[Fri Dec 29 12:01:08] birth_year - File:/var/www/framework/App/Lib/Smarty/Plugins/function.translate.php - Line:34



[Fri Dec 29 12:01:08] signup - File:/var/www/framework/App/Lib/Smarty/Plugins/function.translate.php - Line:34



[Fri Dec 29 12:01:25] sign_up - File:/var/www/framework/App/Lib/Smarty/Plugins/function.translate.php - Line:34



[Fri Dec 29 12:01:25] first_name - File:/var/www/framework/App/Lib/Smarty/Plugins/function.translate.php - Line:34



[Fri Dec 29 12:01:25] last_name - File:/var/www/framework/App/Lib/Smarty/Plugins/function.translate.php - Line:34



[Fri Dec 29 12:01:25] email - File:/var/www/framework/App/Lib/Smarty/Plugins/function.translate.php - Line:34



[Fri Dec 29 12:01:25] confirm_email - File:/var/www/framework/App/Lib/Smarty/Plugins/function.translate.php - Line:34



[Fri Dec 29 12:01:25] username - File:/var/www/framework/App/Lib/Smarty/Plugins/function.translate.php - Line:34



[Fri Dec 29 12:01:25] password - File:/var/www/framework/App/Lib/Smarty/Plugins/function.translate.php - Line:34



[Fri Dec 29 12:01:25] confirm_password - File:/var/www/framework/App/Lib/Smarty/Plugins/function.translate.php - Line:34



[Fri Dec 29 12:01:25] gender - File:/var/www/framework/App/Lib/Smarty/Plugins/function.translate.php - Line:34



[Fri Dec 29 12:01:25] select - File:/var/www/framework/App/Lib/Smarty/Plugins/function.translate.php - Line:34



[Fri Dec 29 12:01:25] birth_year - File:/var/www/framework/App/Lib/Smarty/Plugins/function.translate.php - Line:34



[Fri Dec 29 12:01:25] signup - File:/var/www/framework/App/Lib/Smarty/Plugins/function.translate.php - Line:34



[Fri Dec 29 12:02:15] sign_up - File:/var/www/framework/App/Lib/Smarty/Plugins/function.translate.php - Line:34



[Fri Dec 29 12:02:15] first_name - File:/var/www/framework/App/Lib/Smarty/Plugins/function.translate.php - Line:34



[Fri Dec 29 12:02:15] last_name - File:/var/www/framework/App/Lib/Smarty/Plugins/function.translate.php - Line:34



[Fri Dec 29 12:02:15] email - File:/var/www/framework/App/Lib/Smarty/Plugins/function.translate.php - Line:34



[Fri Dec 29 12:02:15] confirm_email - File:/var/www/framework/App/Lib/Smarty/Plugins/function.translate.php - Line:34



[Fri Dec 29 12:02:15] username - File:/var/www/framework/App/Lib/Smarty/Plugins/function.translate.php - Line:34



[Fri Dec 29 12:02:15] password - File:/var/www/framework/App/Lib/Smarty/Plugins/function.translate.php - Line:34



[Fri Dec 29 12:02:15] confirm_password - File:/var/www/framework/App/Lib/Smarty/Plugins/function.translate.php - Line:34



[Fri Dec 29 12:02:15] gender - File:/var/www/framework/App/Lib/Smarty/Plugins/function.translate.php - Line:34



[Fri Dec 29 12:02:15] select - File:/var/www/framework/App/Lib/Smarty/Plugins/function.translate.php - Line:34



[Fri Dec 29 12:02:15] birth_year - File:/var/www/framework/App/Lib/Smarty/Plugins/function.translate.php - Line:34



[Fri Dec 29 12:02:15] signup - File:/var/www/framework/App/Lib/Smarty/Plugins/function.translate.php - Line:34



[Fri Dec 29 12:03:03] sign_up - File:/var/www/framework/App/Lib/Smarty/Plugins/function.translate.php - Line:34



[Fri Dec 29 12:03:03] first_name - File:/var/www/framework/App/Lib/Smarty/Plugins/function.translate.php - Line:34



[Fri Dec 29 12:03:03] last_name - File:/var/www/framework/App/Lib/Smarty/Plugins/function.translate.php - Line:34



[Fri Dec 29 12:03:03] email - File:/var/www/framework/App/Lib/Smarty/Plugins/function.translate.php - Line:34



[Fri Dec 29 12:03:03] confirm_email - File:/var/www/framework/App/Lib/Smarty/Plugins/function.translate.php - Line:34



[Fri Dec 29 12:03:03] username - File:/var/www/framework/App/Lib/Smarty/Plugins/function.translate.php - Line:34



[Fri Dec 29 12:03:03] password - File:/var/www/framework/App/Lib/Smarty/Plugins/function.translate.php - Line:34



[Fri Dec 29 12:03:03] confirm_password - File:/var/www/framework/App/Lib/Smarty/Plugins/function.translate.php - Line:34



[Fri Dec 29 12:03:03] gender - File:/var/www/framework/App/Lib/Smarty/Plugins/function.translate.php - Line:34



[Fri Dec 29 12:03:03] select - File:/var/www/framework/App/Lib/Smarty/Plugins/function.translate.php - Line:34



[Fri Dec 29 12:03:03] birth_year - File:/var/www/framework/App/Lib/Smarty/Plugins/function.translate.php - Line:34



[Fri Dec 29 12:03:03] signup - File:/var/www/framework/App/Lib/Smarty/Plugins/function.translate.php - Line:34



[Fri Dec 29 12:03:09] sign_up - File:/var/www/framework/App/Lib/Smarty/Plugins/function.translate.php - Line:34



[Fri Dec 29 12:03:09] first_name - File:/var/www/framework/App/Lib/Smarty/Plugins/function.translate.php - Line:34



[Fri Dec 29 12:03:09] last_name - File:/var/www/framework/App/Lib/Smarty/Plugins/function.translate.php - Line:34



[Fri Dec 29 12:03:09] email - File:/var/www/framework/App/Lib/Smarty/Plugins/function.translate.php - Line:34



[Fri Dec 29 12:03:09] confirm_email - File:/var/www/framework/App/Lib/Smarty/Plugins/function.translate.php - Line:34



[Fri Dec 29 12:03:09] username - File:/var/www/framework/App/Lib/Smarty/Plugins/function.translate.php - Line:34



[Fri Dec 29 12:03:09] password - File:/var/www/framework/App/Lib/Smarty/Plugins/function.translate.php - Line:34



[Fri Dec 29 12:03:09] confirm_password - File:/var/www/framework/App/Lib/Smarty/Plugins/function.translate.php - Line:34



[Fri Dec 29 12:03:09] gender - File:/var/www/framework/App/Lib/Smarty/Plugins/function.translate.php - Line:34



[Fri Dec 29 12:03:09] select - File:/var/www/framework/App/Lib/Smarty/Plugins/function.translate.php - Line:34



[Fri Dec 29 12:03:09] birth_year - File:/var/www/framework/App/Lib/Smarty/Plugins/function.translate.php - Line:34



[Fri Dec 29 12:03:09] signup - File:/var/www/framework/App/Lib/Smarty/Plugins/function.translate.php - Line:34



[Fri Dec 29 12:03:46] sign_up - File:/var/www/framework/App/Lib/Smarty/Plugins/function.translate.php - Line:34



[Fri Dec 29 12:03:46] first_name - File:/var/www/framework/App/Lib/Smarty/Plugins/function.translate.php - Line:34



[Fri Dec 29 12:03:46] last_name - File:/var/www/framework/App/Lib/Smarty/Plugins/function.translate.php - Line:34



[Fri Dec 29 12:03:46] email - File:/var/www/framework/App/Lib/Smarty/Plugins/function.translate.php - Line:34



[Fri Dec 29 12:03:46] confirm_email - File:/var/www/framework/App/Lib/Smarty/Plugins/function.translate.php - Line:34



[Fri Dec 29 12:03:46] username - File:/var/www/framework/App/Lib/Smarty/Plugins/function.translate.php - Line:34



[Fri Dec 29 12:03:46] password - File:/var/www/framework/App/Lib/Smarty/Plugins/function.translate.php - Line:34



[Fri Dec 29 12:03:46] confirm_password - File:/var/www/framework/App/Lib/Smarty/Plugins/function.translate.php - Line:34



[Fri Dec 29 12:03:46] gender - File:/var/www/framework/App/Lib/Smarty/Plugins/function.translate.php - Line:34



[Fri Dec 29 12:03:46] select - File:/var/www/framework/App/Lib/Smarty/Plugins/function.translate.php - Line:34



[Fri Dec 29 12:03:46] birth_year - File:/var/www/framework/App/Lib/Smarty/Plugins/function.translate.php - Line:34



[Fri Dec 29 12:03:46] signup - File:/var/www/framework/App/Lib/Smarty/Plugins/function.translate.php - Line:34



[Fri Dec 29 12:05:51] sign_up - File:/var/www/framework/App/Lib/Smarty/Plugins/function.translate.php - Line:34



[Fri Dec 29 12:05:51] first_name - File:/var/www/framework/App/Lib/Smarty/Plugins/function.translate.php - Line:34



[Fri Dec 29 12:05:51] last_name - File:/var/www/framework/App/Lib/Smarty/Plugins/function.translate.php - Line:34



[Fri Dec 29 12:05:51] email - File:/var/www/framework/App/Lib/Smarty/Plugins/function.translate.php - Line:34



[Fri Dec 29 12:05:51] confirm_email - File:/var/www/framework/App/Lib/Smarty/Plugins/function.translate.php - Line:34



[Fri Dec 29 12:05:51] username - File:/var/www/framework/App/Lib/Smarty/Plugins/function.translate.php - Line:34



[Fri Dec 29 12:05:51] password - File:/var/www/framework/App/Lib/Smarty/Plugins/function.translate.php - Line:34



[Fri Dec 29 12:05:51] confirm_password - File:/var/www/framework/App/Lib/Smarty/Plugins/function.translate.php - Line:34



[Fri Dec 29 12:05:51] gender - File:/var/www/framework/App/Lib/Smarty/Plugins/function.translate.php - Line:34



[Fri Dec 29 12:05:51] select - File:/var/www/framework/App/Lib/Smarty/Plugins/function.translate.php - Line:34



[Fri Dec 29 12:05:51] birth_year - File:/var/www/framework/App/Lib/Smarty/Plugins/function.translate.php - Line:34



[Fri Dec 29 12:05:51] signup - File:/var/www/framework/App/Lib/Smarty/Plugins/function.translate.php - Line:34



[Fri Dec 29 12:06:53] sign_up - File:/var/www/framework/App/Lib/Smarty/Plugins/function.translate.php - Line:34



[Fri Dec 29 12:06:53] first_name - File:/var/www/framework/App/Lib/Smarty/Plugins/function.translate.php - Line:34



[Fri Dec 29 12:06:53] last_name - File:/var/www/framework/App/Lib/Smarty/Plugins/function.translate.php - Line:34



[Fri Dec 29 12:06:53] email - File:/var/www/framework/App/Lib/Smarty/Plugins/function.translate.php - Line:34



[Fri Dec 29 12:06:53] confirm_email - File:/var/www/framework/App/Lib/Smarty/Plugins/function.translate.php - Line:34



[Fri Dec 29 12:06:53] username - File:/var/www/framework/App/Lib/Smarty/Plugins/function.translate.php - Line:34



[Fri Dec 29 12:06:53] password - File:/var/www/framework/App/Lib/Smarty/Plugins/function.translate.php - Line:34



[Fri Dec 29 12:06:53] confirm_password - File:/var/www/framework/App/Lib/Smarty/Plugins/function.translate.php - Line:34



[Fri Dec 29 12:06:53] gender - File:/var/www/framework/App/Lib/Smarty/Plugins/function.translate.php - Line:34



[Fri Dec 29 12:06:53] select - File:/var/www/framework/App/Lib/Smarty/Plugins/function.translate.php - Line:34



[Fri Dec 29 12:06:53] birth_year - File:/var/www/framework/App/Lib/Smarty/Plugins/function.translate.php - Line:34



[Fri Dec 29 12:06:53] signup - File:/var/www/framework/App/Lib/Smarty/Plugins/function.translate.php - Line:34



[Sat Dec 30 8:04:30] sign_up - File:/var/www/framework/App/Lib/Smarty/Plugins/function.translate.php - Line:34



[Sat Dec 30 8:04:30] first_name - File:/var/www/framework/App/Lib/Smarty/Plugins/function.translate.php - Line:34



[Sat Dec 30 8:04:30] last_name - File:/var/www/framework/App/Lib/Smarty/Plugins/function.translate.php - Line:34



[Sat Dec 30 8:04:30] email - File:/var/www/framework/App/Lib/Smarty/Plugins/function.translate.php - Line:34



[Sat Dec 30 8:04:30] confirm_email - File:/var/www/framework/App/Lib/Smarty/Plugins/function.translate.php - Line:34



[Sat Dec 30 8:04:30] username - File:/var/www/framework/App/Lib/Smarty/Plugins/function.translate.php - Line:34



[Sat Dec 30 8:04:30] password - File:/var/www/framework/App/Lib/Smarty/Plugins/function.translate.php - Line:34



[Sat Dec 30 8:04:30] confirm_password - File:/var/www/framework/App/Lib/Smarty/Plugins/function.translate.php - Line:34



[Sat Dec 30 8:04:30] gender - File:/var/www/framework/App/Lib/Smarty/Plugins/function.translate.php - Line:34



[Sat Dec 30 8:04:30] select - File:/var/www/framework/App/Lib/Smarty/Plugins/function.translate.php - Line:34



[Sat Dec 30 8:04:30] birth_year - File:/var/www/framework/App/Lib/Smarty/Plugins/function.translate.php - Line:34



[Sat Dec 30 8:04:30] signup - File:/var/www/framework/App/Lib/Smarty/Plugins/function.translate.php - Line:34



[Sat Dec 30 8:04:33] sign_up - File:/var/www/framework/App/Lib/Smarty/Plugins/function.translate.php - Line:34



[Sat Dec 30 8:04:33] first_name - File:/var/www/framework/App/Lib/Smarty/Plugins/function.translate.php - Line:34



[Sat Dec 30 8:04:33] last_name - File:/var/www/framework/App/Lib/Smarty/Plugins/function.translate.php - Line:34



[Sat Dec 30 8:04:33] email - File:/var/www/framework/App/Lib/Smarty/Plugins/function.translate.php - Line:34



[Sat Dec 30 8:04:33] confirm_email - File:/var/www/framework/App/Lib/Smarty/Plugins/function.translate.php - Line:34



[Sat Dec 30 8:04:33] username - File:/var/www/framework/App/Lib/Smarty/Plugins/function.translate.php - Line:34



[Sat Dec 30 8:04:33] password - File:/var/www/framework/App/Lib/Smarty/Plugins/function.translate.php - Line:34



[Sat Dec 30 8:04:33] confirm_password - File:/var/www/framework/App/Lib/Smarty/Plugins/function.translate.php - Line:34



[Sat Dec 30 8:04:33] gender - File:/var/www/framework/App/Lib/Smarty/Plugins/function.translate.php - Line:34



[Sat Dec 30 8:04:33] select - File:/var/www/framework/App/Lib/Smarty/Plugins/function.translate.php - Line:34



[Sat Dec 30 8:04:33] birth_year - File:/var/www/framework/App/Lib/Smarty/Plugins/function.translate.php - Line:34



[Sat Dec 30 8:04:33] signup - File:/var/www/framework/App/Lib/Smarty/Plugins/function.translate.php - Line:34



[Sat Dec 30 8:04:39] sign_up - File:/var/www/framework/App/Lib/Smarty/Plugins/function.translate.php - Line:34



[Sat Dec 30 8:04:39] first_name - File:/var/www/framework/App/Lib/Smarty/Plugins/function.translate.php - Line:34



[Sat Dec 30 8:04:39] last_name - File:/var/www/framework/App/Lib/Smarty/Plugins/function.translate.php - Line:34



[Sat Dec 30 8:04:39] email - File:/var/www/framework/App/Lib/Smarty/Plugins/function.translate.php - Line:34



[Sat Dec 30 8:04:39] confirm_email - File:/var/www/framework/App/Lib/Smarty/Plugins/function.translate.php - Line:34



[Sat Dec 30 8:04:39] username - File:/var/www/framework/App/Lib/Smarty/Plugins/function.translate.php - Line:34



[Sat Dec 30 8:04:39] password - File:/var/www/framework/App/Lib/Smarty/Plugins/function.translate.php - Line:34



[Sat Dec 30 8:04:39] confirm_password - File:/var/www/framework/App/Lib/Smarty/Plugins/function.translate.php - Line:34



[Sat Dec 30 8:04:39] gender - File:/var/www/framework/App/Lib/Smarty/Plugins/function.translate.php - Line:34



[Sat Dec 30 8:04:39] select - File:/var/www/framework/App/Lib/Smarty/Plugins/function.translate.php - Line:34



[Sat Dec 30 8:04:39] birth_year - File:/var/www/framework/App/Lib/Smarty/Plugins/function.translate.php - Line:34



[Sat Dec 30 8:04:39] signup - File:/var/www/framework/App/Lib/Smarty/Plugins/function.translate.php - Line:34



[Tue Jan 2 8:03:03] sign_up - File:/var/www/framework/App/Lib/Smarty/Plugins/function.translate.php - Line:34



[Tue Jan 2 8:03:03] first_name - File:/var/www/framework/App/Lib/Smarty/Plugins/function.translate.php - Line:34



[Tue Jan 2 8:03:03] last_name - File:/var/www/framework/App/Lib/Smarty/Plugins/function.translate.php - Line:34



[Tue Jan 2 8:03:03] email - File:/var/www/framework/App/Lib/Smarty/Plugins/function.translate.php - Line:34



[Tue Jan 2 8:03:03] confirm_email - File:/var/www/framework/App/Lib/Smarty/Plugins/function.translate.php - Line:34



[Tue Jan 2 8:03:03] username - File:/var/www/framework/App/Lib/Smarty/Plugins/function.translate.php - Line:34



[Tue Jan 2 8:03:03] password - File:/var/www/framework/App/Lib/Smarty/Plugins/function.translate.php - Line:34



[Tue Jan 2 8:03:03] confirm_password - File:/var/www/framework/App/Lib/Smarty/Plugins/function.translate.php - Line:34



[Tue Jan 2 8:03:03] gender - File:/var/www/framework/App/Lib/Smarty/Plugins/function.translate.php - Line:34



[Tue Jan 2 8:03:03] select - File:/var/www/framework/App/Lib/Smarty/Plugins/function.translate.php - Line:34



[Tue Jan 2 8:03:03] birth_year - File:/var/www/framework/App/Lib/Smarty/Plugins/function.translate.php - Line:34



[Tue Jan 2 8:03:03] signup - File:/var/www/framework/App/Lib/Smarty/Plugins/function.translate.php - Line:34



[Tue Jan 2 8:03:09] sign_up - File:/var/www/framework/App/Lib/Smarty/Plugins/function.translate.php - Line:34



[Tue Jan 2 8:03:09] first_name - File:/var/www/framework/App/Lib/Smarty/Plugins/function.translate.php - Line:34



[Tue Jan 2 8:03:09] last_name - File:/var/www/framework/App/Lib/Smarty/Plugins/function.translate.php - Line:34



[Tue Jan 2 8:03:09] email - File:/var/www/framework/App/Lib/Smarty/Plugins/function.translate.php - Line:34



[Tue Jan 2 8:03:09] confirm_email - File:/var/www/framework/App/Lib/Smarty/Plugins/function.translate.php - Line:34



[Tue Jan 2 8:03:09] username - File:/var/www/framework/App/Lib/Smarty/Plugins/function.translate.php - Line:34



[Tue Jan 2 8:03:09] password - File:/var/www/framework/App/Lib/Smarty/Plugins/function.translate.php - Line:34



[Tue Jan 2 8:03:09] confirm_password - File:/var/www/framework/App/Lib/Smarty/Plugins/function.translate.php - Line:34



[Tue Jan 2 8:03:09] gender - File:/var/www/framework/App/Lib/Smarty/Plugins/function.translate.php - Line:34



[Tue Jan 2 8:03:09] select - File:/var/www/framework/App/Lib/Smarty/Plugins/function.translate.php - Line:34



[Tue Jan 2 8:03:09] birth_year - File:/var/www/framework/App/Lib/Smarty/Plugins/function.translate.php - Line:34



[Tue Jan 2 8:03:09] signup - File:/var/www/framework/App/Lib/Smarty/Plugins/function.translate.php - Line:34



[Tue Jan 2 8:03:52] sign_up - File:/var/www/framework/App/Lib/Smarty/Plugins/function.translate.php - Line:34



[Tue Jan 2 8:03:52] first_name - File:/var/www/framework/App/Lib/Smarty/Plugins/function.translate.php - Line:34



[Tue Jan 2 8:03:52] last_name - File:/var/www/framework/App/Lib/Smarty/Plugins/function.translate.php - Line:34



[Tue Jan 2 8:03:52] email - File:/var/www/framework/App/Lib/Smarty/Plugins/function.translate.php - Line:34



[Tue Jan 2 8:03:52] confirm_email - File:/var/www/framework/App/Lib/Smarty/Plugins/function.translate.php - Line:34



[Tue Jan 2 8:03:52] username - File:/var/www/framework/App/Lib/Smarty/Plugins/function.translate.php - Line:34



[Tue Jan 2 8:03:52] password - File:/var/www/framework/App/Lib/Smarty/Plugins/function.translate.php - Line:34



[Tue Jan 2 8:03:52] confirm_password - File:/var/www/framework/App/Lib/Smarty/Plugins/function.translate.php - Line:34



[Tue Jan 2 8:03:52] gender - File:/var/www/framework/App/Lib/Smarty/Plugins/function.translate.php - Line:34



[Tue Jan 2 8:03:52] select - File:/var/www/framework/App/Lib/Smarty/Plugins/function.translate.php - Line:34



[Tue Jan 2 8:03:52] birth_year - File:/var/www/framework/App/Lib/Smarty/Plugins/function.translate.php - Line:34



[Tue Jan 2 8:03:52] signup - File:/var/www/framework/App/Lib/Smarty/Plugins/function.translate.php - Line:34



[Tue Jan 2 8:04:14] sign_up - File:/var/www/framework/App/Lib/Smarty/Plugins/function.translate.php - Line:34



[Tue Jan 2 8:04:14] first_name - File:/var/www/framework/App/Lib/Smarty/Plugins/function.translate.php - Line:34



[Tue Jan 2 8:04:14] last_name - File:/var/www/framework/App/Lib/Smarty/Plugins/function.translate.php - Line:34



[Tue Jan 2 8:04:14] email - File:/var/www/framework/App/Lib/Smarty/Plugins/function.translate.php - Line:34



[Tue Jan 2 8:04:14] confirm_email - File:/var/www/framework/App/Lib/Smarty/Plugins/function.translate.php - Line:34



[Tue Jan 2 8:04:14] username - File:/var/www/framework/App/Lib/Smarty/Plugins/function.translate.php - Line:34



[Tue Jan 2 8:04:14] password - File:/var/www/framework/App/Lib/Smarty/Plugins/function.translate.php - Line:34



[Tue Jan 2 8:04:14] confirm_password - File:/var/www/framework/App/Lib/Smarty/Plugins/function.translate.php - Line:34



[Tue Jan 2 8:04:14] gender - File:/var/www/framework/App/Lib/Smarty/Plugins/function.translate.php - Line:34



[Tue Jan 2 8:04:14] select - File:/var/www/framework/App/Lib/Smarty/Plugins/function.translate.php - Line:34



[Tue Jan 2 8:04:14] birth_year - File:/var/www/framework/App/Lib/Smarty/Plugins/function.translate.php - Line:34



[Tue Jan 2 8:04:14] signup - File:/var/www/framework/App/Lib/Smarty/Plugins/function.translate.php - Line:34



[Tue Jan 2 8:04:14] sign_up - File:/var/www/framework/App/Lib/Smarty/Plugins/function.translate.php - Line:34



[Tue Jan 2 8:04:14] first_name - File:/var/www/framework/App/Lib/Smarty/Plugins/function.translate.php - Line:34



[Tue Jan 2 8:04:14] last_name - File:/var/www/framework/App/Lib/Smarty/Plugins/function.translate.php - Line:34



[Tue Jan 2 8:04:14] email - File:/var/www/framework/App/Lib/Smarty/Plugins/function.translate.php - Line:34



[Tue Jan 2 8:04:14] confirm_email - File:/var/www/framework/App/Lib/Smarty/Plugins/function.translate.php - Line:34



[Tue Jan 2 8:04:14] username - File:/var/www/framework/App/Lib/Smarty/Plugins/function.translate.php - Line:34



[Tue Jan 2 8:04:14] password - File:/var/www/framework/App/Lib/Smarty/Plugins/function.translate.php - Line:34



[Tue Jan 2 8:04:14] confirm_password - File:/var/www/framework/App/Lib/Smarty/Plugins/function.translate.php - Line:34



[Tue Jan 2 8:04:14] gender - File:/var/www/framework/App/Lib/Smarty/Plugins/function.translate.php - Line:34



[Tue Jan 2 8:04:14] select - File:/var/www/framework/App/Lib/Smarty/Plugins/function.translate.php - Line:34



[Tue Jan 2 8:04:14] birth_year - File:/var/www/framework/App/Lib/Smarty/Plugins/function.translate.php - Line:34



[Tue Jan 2 8:04:14] signup - File:/var/www/framework/App/Lib/Smarty/Plugins/function.translate.php - Line:34



[Tue Jan 2 8:04:15] sign_up - File:/var/www/framework/App/Lib/Smarty/Plugins/function.translate.php - Line:34



[Tue Jan 2 8:04:15] first_name - File:/var/www/framework/App/Lib/Smarty/Plugins/function.translate.php - Line:34



[Tue Jan 2 8:04:15] last_name - File:/var/www/framework/App/Lib/Smarty/Plugins/function.translate.php - Line:34



[Tue Jan 2 8:04:15] email - File:/var/www/framework/App/Lib/Smarty/Plugins/function.translate.php - Line:34



[Tue Jan 2 8:04:15] confirm_email - File:/var/www/framework/App/Lib/Smarty/Plugins/function.translate.php - Line:34



[Tue Jan 2 8:04:15] username - File:/var/www/framework/App/Lib/Smarty/Plugins/function.translate.php - Line:34



[Tue Jan 2 8:04:15] password - File:/var/www/framework/App/Lib/Smarty/Plugins/function.translate.php - Line:34



[Tue Jan 2 8:04:15] confirm_password - File:/var/www/framework/App/Lib/Smarty/Plugins/function.translate.php - Line:34



[Tue Jan 2 8:04:15] gender - File:/var/www/framework/App/Lib/Smarty/Plugins/function.translate.php - Line:34



[Tue Jan 2 8:04:15] select - File:/var/www/framework/App/Lib/Smarty/Plugins/function.translate.php - Line:34



[Tue Jan 2 8:04:15] birth_year - File:/var/www/framework/App/Lib/Smarty/Plugins/function.translate.php - Line:34



[Tue Jan 2 8:04:15] signup - File:/var/www/framework/App/Lib/Smarty/Plugins/function.translate.php - Line:34



[Tue Jan 2 8:04:15] sign_up - File:/var/www/framework/App/Lib/Smarty/Plugins/function.translate.php - Line:34



[Tue Jan 2 8:04:15] first_name - File:/var/www/framework/App/Lib/Smarty/Plugins/function.translate.php - Line:34



[Tue Jan 2 8:04:15] last_name - File:/var/www/framework/App/Lib/Smarty/Plugins/function.translate.php - Line:34



[Tue Jan 2 8:04:15] email - File:/var/www/framework/App/Lib/Smarty/Plugins/function.translate.php - Line:34



[Tue Jan 2 8:04:15] confirm_email - File:/var/www/framework/App/Lib/Smarty/Plugins/function.translate.php - Line:34



[Tue Jan 2 8:04:15] username - File:/var/www/framework/App/Lib/Smarty/Plugins/function.translate.php - Line:34



[Tue Jan 2 8:04:15] password - File:/var/www/framework/App/Lib/Smarty/Plugins/function.translate.php - Line:34



[Tue Jan 2 8:04:15] confirm_password - File:/var/www/framework/App/Lib/Smarty/Plugins/function.translate.php - Line:34



[Tue Jan 2 8:04:15] gender - File:/var/www/framework/App/Lib/Smarty/Plugins/function.translate.php - Line:34



[Tue Jan 2 8:04:15] select - File:/var/www/framework/App/Lib/Smarty/Plugins/function.translate.php - Line:34



[Tue Jan 2 8:04:15] birth_year - File:/var/www/framework/App/Lib/Smarty/Plugins/function.translate.php - Line:34



[Tue Jan 2 8:04:15] signup - File:/var/www/framework/App/Lib/Smarty/Plugins/function.translate.php - Line:34



[Tue Jan 2 8:05:11] sign_up - File:/var/www/framework/App/Lib/Smarty/Plugins/function.translate.php - Line:34



[Tue Jan 2 8:05:11] first_name - File:/var/www/framework/App/Lib/Smarty/Plugins/function.translate.php - Line:34



[Tue Jan 2 8:05:11] last_name - File:/var/www/framework/App/Lib/Smarty/Plugins/function.translate.php - Line:34



[Tue Jan 2 8:05:11] email - File:/var/www/framework/App/Lib/Smarty/Plugins/function.translate.php - Line:34



[Tue Jan 2 8:05:11] confirm_email - File:/var/www/framework/App/Lib/Smarty/Plugins/function.translate.php - Line:34



[Tue Jan 2 8:05:11] username - File:/var/www/framework/App/Lib/Smarty/Plugins/function.translate.php - Line:34



[Tue Jan 2 8:05:11] password - File:/var/www/framework/App/Lib/Smarty/Plugins/function.translate.php - Line:34



[Tue Jan 2 8:05:11] confirm_password - File:/var/www/framework/App/Lib/Smarty/Plugins/function.translate.php - Line:34



[Tue Jan 2 8:05:11] gender - File:/var/www/framework/App/Lib/Smarty/Plugins/function.translate.php - Line:34



[Tue Jan 2 8:05:11] select - File:/var/www/framework/App/Lib/Smarty/Plugins/function.translate.php - Line:34



[Tue Jan 2 8:05:11] birth_year - File:/var/www/framework/App/Lib/Smarty/Plugins/function.translate.php - Line:34



[Tue Jan 2 8:05:11] signup - File:/var/www/framework/App/Lib/Smarty/Plugins/function.translate.php - Line:34



[Tue Jan 2 10:34:48] sign_up - File:/var/www/framework/App/Lib/Smarty/Plugins/function.translate.php - Line:34



[Tue Jan 2 10:34:48] first_name - File:/var/www/framework/App/Lib/Smarty/Plugins/function.translate.php - Line:34



[Tue Jan 2 10:34:48] last_name - File:/var/www/framework/App/Lib/Smarty/Plugins/function.translate.php - Line:34



[Tue Jan 2 10:34:48] email - File:/var/www/framework/App/Lib/Smarty/Plugins/function.translate.php - Line:34



[Tue Jan 2 10:34:48] confirm_email - File:/var/www/framework/App/Lib/Smarty/Plugins/function.translate.php - Line:34



[Tue Jan 2 10:34:48] username - File:/var/www/framework/App/Lib/Smarty/Plugins/function.translate.php - Line:34



[Tue Jan 2 10:34:48] password - File:/var/www/framework/App/Lib/Smarty/Plugins/function.translate.php - Line:34



[Tue Jan 2 10:34:48] confirm_password - File:/var/www/framework/App/Lib/Smarty/Plugins/function.translate.php - Line:34



[Tue Jan 2 10:34:48] gender - File:/var/www/framework/App/Lib/Smarty/Plugins/function.translate.php - Line:34



[Tue Jan 2 10:34:48] select - File:/var/www/framework/App/Lib/Smarty/Plugins/function.translate.php - Line:34



[Tue Jan 2 10:34:48] birth_year - File:/var/www/framework/App/Lib/Smarty/Plugins/function.translate.php - Line:34



[Tue Jan 2 10:34:48] signup - File:/var/www/framework/App/Lib/Smarty/Plugins/function.translate.php - Line:34



[Fri Jan 5 9:43:47] sign_up - File:/var/www/framework/App/Lib/Smarty/Plugins/function.translate.php - Line:34



[Fri Jan 5 9:43:47] first_name - File:/var/www/framework/App/Lib/Smarty/Plugins/function.translate.php - Line:34



[Fri Jan 5 9:43:47] last_name - File:/var/www/framework/App/Lib/Smarty/Plugins/function.translate.php - Line:34



[Fri Jan 5 9:43:47] email - File:/var/www/framework/App/Lib/Smarty/Plugins/function.translate.php - Line:34



[Fri Jan 5 9:43:47] confirm_email - File:/var/www/framework/App/Lib/Smarty/Plugins/function.translate.php - Line:34



[Fri Jan 5 9:43:47] username - File:/var/www/framework/App/Lib/Smarty/Plugins/function.translate.php - Line:34



[Fri Jan 5 9:43:47] password - File:/var/www/framework/App/Lib/Smarty/Plugins/function.translate.php - Line:34



[Fri Jan 5 9:43:47] confirm_password - File:/var/www/framework/App/Lib/Smarty/Plugins/function.translate.php - Line:34



[Fri Jan 5 9:43:47] gender - File:/var/www/framework/App/Lib/Smarty/Plugins/function.translate.php - Line:34



[Fri Jan 5 9:43:47] select - File:/var/www/framework/App/Lib/Smarty/Plugins/function.translate.php - Line:34



[Fri Jan 5 9:43:47] birth_year - File:/var/www/framework/App/Lib/Smarty/Plugins/function.translate.php - Line:34



[Fri Jan 5 9:43:47] signup - File:/var/www/framework/App/Lib/Smarty/Plugins/function.translate.php - Line:34



[Fri Jan 5 9:45:14] sign_up - File:/var/www/framework/App/Lib/Smarty/Plugins/function.translate.php - Line:34



[Fri Jan 5 9:45:14] first_name - File:/var/www/framework/App/Lib/Smarty/Plugins/function.translate.php - Line:34



[Fri Jan 5 9:45:14] last_name - File:/var/www/framework/App/Lib/Smarty/Plugins/function.translate.php - Line:34



[Fri Jan 5 9:45:14] email - File:/var/www/framework/App/Lib/Smarty/Plugins/function.translate.php - Line:34



[Fri Jan 5 9:45:14] confirm_email - File:/var/www/framework/App/Lib/Smarty/Plugins/function.translate.php - Line:34



[Fri Jan 5 9:45:14] username - File:/var/www/framework/App/Lib/Smarty/Plugins/function.translate.php - Line:34



[Fri Jan 5 9:45:14] password - File:/var/www/framework/App/Lib/Smarty/Plugins/function.translate.php - Line:34



[Fri Jan 5 9:45:14] confirm_password - File:/var/www/framework/App/Lib/Smarty/Plugins/function.translate.php - Line:34



[Fri Jan 5 9:45:14] gender - File:/var/www/framework/App/Lib/Smarty/Plugins/function.translate.php - Line:34



[Fri Jan 5 9:45:14] select - File:/var/www/framework/App/Lib/Smarty/Plugins/function.translate.php - Line:34



[Fri Jan 5 9:45:14] birth_year - File:/var/www/framework/App/Lib/Smarty/Plugins/function.translate.php - Line:34



[Fri Jan 5 9:45:14] signup - File:/var/www/framework/App/Lib/Smarty/Plugins/function.translate.php - Line:34



[Fri Jan 5 12:00:49] sign_up - File:/var/www/framework/App/Lib/Smarty/Plugins/function.translate.php - Line:34



[Fri Jan 5 12:00:49] first_name - File:/var/www/framework/App/Lib/Smarty/Plugins/function.translate.php - Line:34



[Fri Jan 5 12:00:49] last_name - File:/var/www/framework/App/Lib/Smarty/Plugins/function.translate.php - Line:34



[Fri Jan 5 12:00:49] email - File:/var/www/framework/App/Lib/Smarty/Plugins/function.translate.php - Line:34



[Fri Jan 5 12:00:49] confirm_email - File:/var/www/framework/App/Lib/Smarty/Plugins/function.translate.php - Line:34



[Fri Jan 5 12:00:49] username - File:/var/www/framework/App/Lib/Smarty/Plugins/function.translate.php - Line:34



[Fri Jan 5 12:00:49] password - File:/var/www/framework/App/Lib/Smarty/Plugins/function.translate.php - Line:34



[Fri Jan 5 12:00:49] confirm_password - File:/var/www/framework/App/Lib/Smarty/Plugins/function.translate.php - Line:34



[Fri Jan 5 12:00:49] gender - File:/var/www/framework/App/Lib/Smarty/Plugins/function.translate.php - Line:34



[Fri Jan 5 12:00:49] select - File:/var/www/framework/App/Lib/Smarty/Plugins/function.translate.php - Line:34



[Fri Jan 5 12:00:49] birth_year - File:/var/www/framework/App/Lib/Smarty/Plugins/function.translate.php - Line:34



[Fri Jan 5 12:00:49] signup - File:/var/www/framework/App/Lib/Smarty/Plugins/function.translate.php - Line:34



[Fri Jan 5 12:02:13] sign_up - File:/var/www/framework/App/Lib/Smarty/Plugins/function.translate.php - Line:34



[Fri Jan 5 12:02:14] first_name - File:/var/www/framework/App/Lib/Smarty/Plugins/function.translate.php - Line:34



[Fri Jan 5 12:02:14] last_name - File:/var/www/framework/App/Lib/Smarty/Plugins/function.translate.php - Line:34



[Fri Jan 5 12:02:14] email - File:/var/www/framework/App/Lib/Smarty/Plugins/function.translate.php - Line:34



[Fri Jan 5 12:02:14] confirm_email - File:/var/www/framework/App/Lib/Smarty/Plugins/function.translate.php - Line:34



[Fri Jan 5 12:02:14] username - File:/var/www/framework/App/Lib/Smarty/Plugins/function.translate.php - Line:34



[Fri Jan 5 12:02:14] password - File:/var/www/framework/App/Lib/Smarty/Plugins/function.translate.php - Line:34



[Fri Jan 5 12:02:14] confirm_password - File:/var/www/framework/App/Lib/Smarty/Plugins/function.translate.php - Line:34



[Fri Jan 5 12:02:14] gender - File:/var/www/framework/App/Lib/Smarty/Plugins/function.translate.php - Line:34



[Fri Jan 5 12:02:14] select - File:/var/www/framework/App/Lib/Smarty/Plugins/function.translate.php - Line:34



[Fri Jan 5 12:02:14] birth_year - File:/var/www/framework/App/Lib/Smarty/Plugins/function.translate.php - Line:34



[Fri Jan 5 12:02:14] signup - File:/var/www/framework/App/Lib/Smarty/Plugins/function.translate.php - Line:34



[Fri Jan 5 12:02:46] sign_up - File:/var/www/framework/App/Lib/Smarty/Plugins/function.translate.php - Line:34



[Fri Jan 5 12:02:46] first_name - File:/var/www/framework/App/Lib/Smarty/Plugins/function.translate.php - Line:34



[Fri Jan 5 12:02:46] last_name - File:/var/www/framework/App/Lib/Smarty/Plugins/function.translate.php - Line:34



[Fri Jan 5 12:02:46] email - File:/var/www/framework/App/Lib/Smarty/Plugins/function.translate.php - Line:34



[Fri Jan 5 12:02:46] confirm_email - File:/var/www/framework/App/Lib/Smarty/Plugins/function.translate.php - Line:34



[Fri Jan 5 12:02:46] username - File:/var/www/framework/App/Lib/Smarty/Plugins/function.translate.php - Line:34



[Fri Jan 5 12:02:46] password - File:/var/www/framework/App/Lib/Smarty/Plugins/function.translate.php - Line:34



[Fri Jan 5 12:02:46] confirm_password - File:/var/www/framework/App/Lib/Smarty/Plugins/function.translate.php - Line:34



[Fri Jan 5 12:02:46] gender - File:/var/www/framework/App/Lib/Smarty/Plugins/function.translate.php - Line:34



[Fri Jan 5 12:02:46] select - File:/var/www/framework/App/Lib/Smarty/Plugins/function.translate.php - Line:34



[Fri Jan 5 12:02:46] birth_year - File:/var/www/framework/App/Lib/Smarty/Plugins/function.translate.php - Line:34



[Fri Jan 5 12:02:46] signup - File:/var/www/framework/App/Lib/Smarty/Plugins/function.translate.php - Line:34



[Fri Jan 5 12:03:57] sign_up - File:/var/www/framework/App/Lib/Smarty/Plugins/function.translate.php - Line:34



[Fri Jan 5 12:03:57] first_name - File:/var/www/framework/App/Lib/Smarty/Plugins/function.translate.php - Line:34



[Fri Jan 5 12:03:57] last_name - File:/var/www/framework/App/Lib/Smarty/Plugins/function.translate.php - Line:34



[Fri Jan 5 12:03:57] email - File:/var/www/framework/App/Lib/Smarty/Plugins/function.translate.php - Line:34



[Fri Jan 5 12:03:57] confirm_email - File:/var/www/framework/App/Lib/Smarty/Plugins/function.translate.php - Line:34



[Fri Jan 5 12:03:57] username - File:/var/www/framework/App/Lib/Smarty/Plugins/function.translate.php - Line:34



[Fri Jan 5 12:03:57] password - File:/var/www/framework/App/Lib/Smarty/Plugins/function.translate.php - Line:34



[Fri Jan 5 12:03:57] confirm_password - File:/var/www/framework/App/Lib/Smarty/Plugins/function.translate.php - Line:34



[Fri Jan 5 12:03:57] gender - File:/var/www/framework/App/Lib/Smarty/Plugins/function.translate.php - Line:34



[Fri Jan 5 12:03:57] select - File:/var/www/framework/App/Lib/Smarty/Plugins/function.translate.php - Line:34



[Fri Jan 5 12:03:57] birth_year - File:/var/www/framework/App/Lib/Smarty/Plugins/function.translate.php - Line:34



[Fri Jan 5 12:03:57] signup - File:/var/www/framework/App/Lib/Smarty/Plugins/function.translate.php - Line:34



[Fri Jan 5 12:03:59] sign_up - File:/var/www/framework/App/Lib/Smarty/Plugins/function.translate.php - Line:34



[Fri Jan 5 12:03:59] first_name - File:/var/www/framework/App/Lib/Smarty/Plugins/function.translate.php - Line:34



[Fri Jan 5 12:03:59] last_name - File:/var/www/framework/App/Lib/Smarty/Plugins/function.translate.php - Line:34



[Fri Jan 5 12:03:59] email - File:/var/www/framework/App/Lib/Smarty/Plugins/function.translate.php - Line:34



[Fri Jan 5 12:03:59] confirm_email - File:/var/www/framework/App/Lib/Smarty/Plugins/function.translate.php - Line:34



[Fri Jan 5 12:03:59] username - File:/var/www/framework/App/Lib/Smarty/Plugins/function.translate.php - Line:34



[Fri Jan 5 12:03:59] password - File:/var/www/framework/App/Lib/Smarty/Plugins/function.translate.php - Line:34



[Fri Jan 5 12:03:59] confirm_password - File:/var/www/framework/App/Lib/Smarty/Plugins/function.translate.php - Line:34



[Fri Jan 5 12:03:59] gender - File:/var/www/framework/App/Lib/Smarty/Plugins/function.translate.php - Line:34



[Fri Jan 5 12:03:59] select - File:/var/www/framework/App/Lib/Smarty/Plugins/function.translate.php - Line:34



[Fri Jan 5 12:03:59] birth_year - File:/var/www/framework/App/Lib/Smarty/Plugins/function.translate.php - Line:34



[Fri Jan 5 12:03:59] signup - File:/var/www/framework/App/Lib/Smarty/Plugins/function.translate.php - Line:34



[Fri Jan 5 12:03:59] sign_up - File:/var/www/framework/App/Lib/Smarty/Plugins/function.translate.php - Line:34



[Fri Jan 5 12:03:59] first_name - File:/var/www/framework/App/Lib/Smarty/Plugins/function.translate.php - Line:34



[Fri Jan 5 12:03:59] last_name - File:/var/www/framework/App/Lib/Smarty/Plugins/function.translate.php - Line:34



[Fri Jan 5 12:03:59] email - File:/var/www/framework/App/Lib/Smarty/Plugins/function.translate.php - Line:34



[Fri Jan 5 12:03:59] confirm_email - File:/var/www/framework/App/Lib/Smarty/Plugins/function.translate.php - Line:34



[Fri Jan 5 12:03:59] username - File:/var/www/framework/App/Lib/Smarty/Plugins/function.translate.php - Line:34



[Fri Jan 5 12:03:59] password - File:/var/www/framework/App/Lib/Smarty/Plugins/function.translate.php - Line:34



[Fri Jan 5 12:03:59] confirm_password - File:/var/www/framework/App/Lib/Smarty/Plugins/function.translate.php - Line:34



[Fri Jan 5 12:03:59] gender - File:/var/www/framework/App/Lib/Smarty/Plugins/function.translate.php - Line:34



[Fri Jan 5 12:03:59] select - File:/var/www/framework/App/Lib/Smarty/Plugins/function.translate.php - Line:34



[Fri Jan 5 12:03:59] birth_year - File:/var/www/framework/App/Lib/Smarty/Plugins/function.translate.php - Line:34



[Fri Jan 5 12:03:59] signup - File:/var/www/framework/App/Lib/Smarty/Plugins/function.translate.php - Line:34



[Fri Jan 5 12:04:45] sign_up - File:/var/www/framework/App/Lib/Smarty/Plugins/function.translate.php - Line:34



[Fri Jan 5 12:04:45] first_name - File:/var/www/framework/App/Lib/Smarty/Plugins/function.translate.php - Line:34



[Fri Jan 5 12:04:45] last_name - File:/var/www/framework/App/Lib/Smarty/Plugins/function.translate.php - Line:34



[Fri Jan 5 12:04:45] email - File:/var/www/framework/App/Lib/Smarty/Plugins/function.translate.php - Line:34



[Fri Jan 5 12:04:45] confirm_email - File:/var/www/framework/App/Lib/Smarty/Plugins/function.translate.php - Line:34



[Fri Jan 5 12:04:45] username - File:/var/www/framework/App/Lib/Smarty/Plugins/function.translate.php - Line:34



[Fri Jan 5 12:04:45] password - File:/var/www/framework/App/Lib/Smarty/Plugins/function.translate.php - Line:34



[Fri Jan 5 12:04:45] confirm_password - File:/var/www/framework/App/Lib/Smarty/Plugins/function.translate.php - Line:34



[Fri Jan 5 12:04:45] gender - File:/var/www/framework/App/Lib/Smarty/Plugins/function.translate.php - Line:34



[Fri Jan 5 12:04:45] select - File:/var/www/framework/App/Lib/Smarty/Plugins/function.translate.php - Line:34



[Fri Jan 5 12:04:45] birth_year - File:/var/www/framework/App/Lib/Smarty/Plugins/function.translate.php - Line:34



[Fri Jan 5 12:04:45] signup - File:/var/www/framework/App/Lib/Smarty/Plugins/function.translate.php - Line:34



[Fri Jan 5 12:05:32] sign_up - File:/var/www/framework/App/Lib/Smarty/Plugins/function.translate.php - Line:34



[Fri Jan 5 12:05:32] first_name - File:/var/www/framework/App/Lib/Smarty/Plugins/function.translate.php - Line:34



[Fri Jan 5 12:05:32] last_name - File:/var/www/framework/App/Lib/Smarty/Plugins/function.translate.php - Line:34



[Fri Jan 5 12:05:32] email - File:/var/www/framework/App/Lib/Smarty/Plugins/function.translate.php - Line:34



[Fri Jan 5 12:05:32] confirm_email - File:/var/www/framework/App/Lib/Smarty/Plugins/function.translate.php - Line:34



[Fri Jan 5 12:05:32] username - File:/var/www/framework/App/Lib/Smarty/Plugins/function.translate.php - Line:34



[Fri Jan 5 12:05:32] password - File:/var/www/framework/App/Lib/Smarty/Plugins/function.translate.php - Line:34



[Fri Jan 5 12:05:32] confirm_password - File:/var/www/framework/App/Lib/Smarty/Plugins/function.translate.php - Line:34



[Fri Jan 5 12:05:32] gender - File:/var/www/framework/App/Lib/Smarty/Plugins/function.translate.php - Line:34



[Fri Jan 5 12:05:32] select - File:/var/www/framework/App/Lib/Smarty/Plugins/function.translate.php - Line:34



[Fri Jan 5 12:05:32] birth_year - File:/var/www/framework/App/Lib/Smarty/Plugins/function.translate.php - Line:34



[Fri Jan 5 12:05:32] signup - File:/var/www/framework/App/Lib/Smarty/Plugins/function.translate.php - Line:34



[Fri Jan 5 12:05:35] sign_up - File:/var/www/framework/App/Lib/Smarty/Plugins/function.translate.php - Line:34



[Fri Jan 5 12:05:35] first_name - File:/var/www/framework/App/Lib/Smarty/Plugins/function.translate.php - Line:34



[Fri Jan 5 12:05:35] last_name - File:/var/www/framework/App/Lib/Smarty/Plugins/function.translate.php - Line:34



[Fri Jan 5 12:05:35] email - File:/var/www/framework/App/Lib/Smarty/Plugins/function.translate.php - Line:34



[Fri Jan 5 12:05:35] confirm_email - File:/var/www/framework/App/Lib/Smarty/Plugins/function.translate.php - Line:34



[Fri Jan 5 12:05:35] username - File:/var/www/framework/App/Lib/Smarty/Plugins/function.translate.php - Line:34



[Fri Jan 5 12:05:35] password - File:/var/www/framework/App/Lib/Smarty/Plugins/function.translate.php - Line:34



[Fri Jan 5 12:05:35] confirm_password - File:/var/www/framework/App/Lib/Smarty/Plugins/function.translate.php - Line:34



[Fri Jan 5 12:05:35] gender - File:/var/www/framework/App/Lib/Smarty/Plugins/function.translate.php - Line:34



[Fri Jan 5 12:05:35] select - File:/var/www/framework/App/Lib/Smarty/Plugins/function.translate.php - Line:34



[Fri Jan 5 12:05:35] birth_year - File:/var/www/framework/App/Lib/Smarty/Plugins/function.translate.php - Line:34



[Fri Jan 5 12:05:35] signup - File:/var/www/framework/App/Lib/Smarty/Plugins/function.translate.php - Line:34



[Fri Jan 5 12:06:51] sign_up - File:/var/www/framework/App/Lib/Smarty/Plugins/function.translate.php - Line:34



[Fri Jan 5 12:06:51] first_name - File:/var/www/framework/App/Lib/Smarty/Plugins/function.translate.php - Line:34



[Fri Jan 5 12:06:51] last_name - File:/var/www/framework/App/Lib/Smarty/Plugins/function.translate.php - Line:34



[Fri Jan 5 12:06:51] email - File:/var/www/framework/App/Lib/Smarty/Plugins/function.translate.php - Line:34



[Fri Jan 5 12:06:51] confirm_email - File:/var/www/framework/App/Lib/Smarty/Plugins/function.translate.php - Line:34



[Fri Jan 5 12:06:51] username - File:/var/www/framework/App/Lib/Smarty/Plugins/function.translate.php - Line:34



[Fri Jan 5 12:06:51] password - File:/var/www/framework/App/Lib/Smarty/Plugins/function.translate.php - Line:34



[Fri Jan 5 12:06:51] confirm_password - File:/var/www/framework/App/Lib/Smarty/Plugins/function.translate.php - Line:34



[Fri Jan 5 12:06:51] gender - File:/var/www/framework/App/Lib/Smarty/Plugins/function.translate.php - Line:34



[Fri Jan 5 12:06:51] select - File:/var/www/framework/App/Lib/Smarty/Plugins/function.translate.php - Line:34



[Fri Jan 5 12:06:51] birth_year - File:/var/www/framework/App/Lib/Smarty/Plugins/function.translate.php - Line:34



[Fri Jan 5 12:06:51] signup - File:/var/www/framework/App/Lib/Smarty/Plugins/function.translate.php - Line:34



[Fri Jan 5 12:07:59] sign_up - File:/var/www/framework/App/Lib/Smarty/Plugins/function.translate.php - Line:34



[Fri Jan 5 12:07:59] first_name - File:/var/www/framework/App/Lib/Smarty/Plugins/function.translate.php - Line:34



[Fri Jan 5 12:07:59] last_name - File:/var/www/framework/App/Lib/Smarty/Plugins/function.translate.php - Line:34



[Fri Jan 5 12:07:59] email - File:/var/www/framework/App/Lib/Smarty/Plugins/function.translate.php - Line:34



[Fri Jan 5 12:07:59] confirm_email - File:/var/www/framework/App/Lib/Smarty/Plugins/function.translate.php - Line:34



[Fri Jan 5 12:07:59] username - File:/var/www/framework/App/Lib/Smarty/Plugins/function.translate.php - Line:34



[Fri Jan 5 12:07:59] password - File:/var/www/framework/App/Lib/Smarty/Plugins/function.translate.php - Line:34



[Fri Jan 5 12:07:59] confirm_password - File:/var/www/framework/App/Lib/Smarty/Plugins/function.translate.php - Line:34



[Fri Jan 5 12:07:59] gender - File:/var/www/framework/App/Lib/Smarty/Plugins/function.translate.php - Line:34



[Fri Jan 5 12:07:59] select - File:/var/www/framework/App/Lib/Smarty/Plugins/function.translate.php - Line:34



[Fri Jan 5 12:07:59] birth_year - File:/var/www/framework/App/Lib/Smarty/Plugins/function.translate.php - Line:34



[Fri Jan 5 12:07:59] signup - File:/var/www/framework/App/Lib/Smarty/Plugins/function.translate.php - Line:34



[Fri Jan 5 12:09:34] sign_up - File:/var/www/framework/App/Lib/Smarty/Plugins/function.translate.php - Line:34



[Fri Jan 5 12:09:34] first_name - File:/var/www/framework/App/Lib/Smarty/Plugins/function.translate.php - Line:34



[Fri Jan 5 12:09:34] last_name - File:/var/www/framework/App/Lib/Smarty/Plugins/function.translate.php - Line:34



[Fri Jan 5 12:09:34] email - File:/var/www/framework/App/Lib/Smarty/Plugins/function.translate.php - Line:34



[Fri Jan 5 12:09:34] confirm_email - File:/var/www/framework/App/Lib/Smarty/Plugins/function.translate.php - Line:34



[Fri Jan 5 12:09:34] username - File:/var/www/framework/App/Lib/Smarty/Plugins/function.translate.php - Line:34



[Fri Jan 5 12:09:34] password - File:/var/www/framework/App/Lib/Smarty/Plugins/function.translate.php - Line:34



[Fri Jan 5 12:09:34] confirm_password - File:/var/www/framework/App/Lib/Smarty/Plugins/function.translate.php - Line:34



[Fri Jan 5 12:09:34] gender - File:/var/www/framework/App/Lib/Smarty/Plugins/function.translate.php - Line:34



[Fri Jan 5 12:09:34] select - File:/var/www/framework/App/Lib/Smarty/Plugins/function.translate.php - Line:34



[Fri Jan 5 12:09:34] birth_year - File:/var/www/framework/App/Lib/Smarty/Plugins/function.translate.php - Line:34



[Fri Jan 5 12:09:34] signup - File:/var/www/framework/App/Lib/Smarty/Plugins/function.translate.php - Line:34



[Fri Jan 5 12:10:35] sign_up - File:/var/www/framework/App/Lib/Smarty/Plugins/function.translate.php - Line:34



[Fri Jan 5 12:10:35] first_name - File:/var/www/framework/App/Lib/Smarty/Plugins/function.translate.php - Line:34



[Fri Jan 5 12:10:35] last_name - File:/var/www/framework/App/Lib/Smarty/Plugins/function.translate.php - Line:34



[Fri Jan 5 12:10:35] email - File:/var/www/framework/App/Lib/Smarty/Plugins/function.translate.php - Line:34



[Fri Jan 5 12:10:35] confirm_email - File:/var/www/framework/App/Lib/Smarty/Plugins/function.translate.php - Line:34



[Fri Jan 5 12:10:35] username - File:/var/www/framework/App/Lib/Smarty/Plugins/function.translate.php - Line:34



[Fri Jan 5 12:10:35] password - File:/var/www/framework/App/Lib/Smarty/Plugins/function.translate.php - Line:34



[Fri Jan 5 12:10:35] confirm_password - File:/var/www/framework/App/Lib/Smarty/Plugins/function.translate.php - Line:34



[Fri Jan 5 12:10:35] gender - File:/var/www/framework/App/Lib/Smarty/Plugins/function.translate.php - Line:34



[Fri Jan 5 12:10:35] select - File:/var/www/framework/App/Lib/Smarty/Plugins/function.translate.php - Line:34



[Fri Jan 5 12:10:35] birth_year - File:/var/www/framework/App/Lib/Smarty/Plugins/function.translate.php - Line:34



[Fri Jan 5 12:10:35] signup - File:/var/www/framework/App/Lib/Smarty/Plugins/function.translate.php - Line:34



[Fri Jan 5 12:13:30] sign_up - File:/var/www/framework/App/Lib/Smarty/Plugins/function.translate.php - Line:34



[Fri Jan 5 12:13:30] email - File:/var/www/framework/App/Lib/Smarty/Plugins/function.translate.php - Line:34



[Fri Jan 5 12:13:30] confirm_email - File:/var/www/framework/App/Lib/Smarty/Plugins/function.translate.php - Line:34



[Fri Jan 5 12:13:30] username - File:/var/www/framework/App/Lib/Smarty/Plugins/function.translate.php - Line:34



[Fri Jan 5 12:13:30] password - File:/var/www/framework/App/Lib/Smarty/Plugins/function.translate.php - Line:34



[Fri Jan 5 12:13:30] confirm_password - File:/var/www/framework/App/Lib/Smarty/Plugins/function.translate.php - Line:34



[Fri Jan 5 12:13:30] gender - File:/var/www/framework/App/Lib/Smarty/Plugins/function.translate.php - Line:34



[Fri Jan 5 12:13:30] select - File:/var/www/framework/App/Lib/Smarty/Plugins/function.translate.php - Line:34



[Fri Jan 5 12:13:30] birth_year - File:/var/www/framework/App/Lib/Smarty/Plugins/function.translate.php - Line:34



[Fri Jan 5 12:13:30] signup - File:/var/www/framework/App/Lib/Smarty/Plugins/function.translate.php - Line:34



[Fri Jan 5 12:14:57] sign_up - File:/var/www/framework/App/Lib/Smarty/Plugins/function.translate.php - Line:34



[Fri Jan 5 12:15:09] sign_up - File:/var/www/framework/App/Lib/Smarty/Plugins/function.translate.php - Line:34



[Fri Jan 5 12:17:38] sign_up - File:/var/www/framework/App/Lib/Smarty/Plugins/function.translate.php - Line:34



[Fri Jan 5 12:17:58] sign_up - File:/var/www/framework/App/Lib/Smarty/Plugins/function.translate.php - Line:34



[Fri Jan 5 12:19:25] sign_up - File:/var/www/framework/App/Lib/Smarty/Plugins/function.translate.php - Line:34



[Fri Jan 5 12:22:04] sign_up - File:/var/www/framework/App/Lib/Smarty/Plugins/function.translate.php - Line:34



[Fri Jan 5 12:26:12] sign_up - File:/var/www/framework/App/Lib/Smarty/Plugins/function.translate.php - Line:34



[Fri Jan 5 12:26:22] sign_up - File:/var/www/framework/App/Lib/Smarty/Plugins/function.translate.php - Line:34



[Fri Jan 5 12:26:49] sign_up - File:/var/www/framework/App/Lib/Smarty/Plugins/function.translate.php - Line:34



[Fri Jan 5 12:27:39] sign_up - File:/var/www/framework/App/Lib/Smarty/Plugins/function.translate.php - Line:34



[Fri Jan 5 12:30:32] sign_up - File:/var/www/framework/App/Lib/Smarty/Plugins/function.translate.php - Line:34



[Fri Jan 5 12:31:34] sign_up - File:/var/www/framework/App/Lib/Smarty/Plugins/function.translate.php - Line:34



[Fri Jan 5 12:32:22] sign_up - File:/var/www/framework/App/Lib/Smarty/Plugins/function.translate.php - Line:34



[Fri Jan 5 12:32:26] sign_up - File:/var/www/framework/App/Lib/Smarty/Plugins/function.translate.php - Line:34



[Fri Jan 5 12:33:44] sign_up - File:/var/www/framework/App/Lib/Smarty/Plugins/function.translate.php - Line:34



[Fri Jan 5 12:33:48] sign_up - File:/var/www/framework/App/Lib/Smarty/Plugins/function.translate.php - Line:34



[Fri Jan 5 13:29:38] sign_up - File:/var/www/framework/App/Lib/Smarty/Plugins/function.translate.php - Line:34



[Fri Jan 5 13:29:42] sign_up - File:/var/www/framework/App/Lib/Smarty/Plugins/function.translate.php - Line:34



[Fri Jan 5 13:30:27] sign_up - File:/var/www/framework/App/Lib/Smarty/Plugins/function.translate.php - Line:34



[Fri Jan 5 13:31:29] sign_up - File:/var/www/framework/App/Lib/Smarty/Plugins/function.translate.php - Line:34



[Fri Jan 5 13:36:51] sign_up - File:/var/www/framework/App/Lib/Smarty/Plugins/function.translate.php - Line:34



[Fri Jan 5 13:39:04] sign_up - File:/var/www/framework/App/Lib/Smarty/Plugins/function.translate.php - Line:34



[Fri Jan 5 13:39:36] sign_up - File:/var/www/framework/App/Lib/Smarty/Plugins/function.translate.php - Line:34



[Fri Jan 5 13:42:10] sign_up - File:/var/www/framework/App/Lib/Smarty/Plugins/function.translate.php - Line:34



[Fri Jan 5 14:10:34] sign_up - File:/var/www/framework/App/Lib/Smarty/Plugins/function.translate.php - Line:34



[Fri Jan 5 14:21:46] sign_up - File:/var/www/framework/App/Lib/Smarty/Plugins/function.translate.php - Line:34



[Fri Jan 5 14:23:27] sign_up - File:/var/www/framework/App/Lib/Smarty/Plugins/function.translate.php - Line:34



[Fri Jan 5 14:23:30] sign_up - File:/var/www/framework/App/Lib/Smarty/Plugins/function.translate.php - Line:34



[Mon Mar 12 9:07:24] sign_up - File:/var/www/framework/App/Lib/Smarty/Plugins/function.translate.php - Line:34


